{"/Users/soroush911/Documents/Projects/Capstone_Project_2/backend/middleware/auth.js": {"path":"/Users/soroush911/Documents/Projects/Capstone_Project_2/backend/middleware/auth.js","statementMap":{"0":{"start":{"line":1,"column":12},"end":{"line":1,"column":35}},"1":{"start":{"line":2,"column":13},"end":{"line":2,"column":38}},"2":{"start":{"line":5,"column":16},"end":{"line":51,"column":1}},"3":{"start":{"line":6,"column":2},"end":{"line":50,"column":3}},"4":{"start":{"line":10,"column":4},"end":{"line":14,"column":5}},"5":{"start":{"line":11,"column":6},"end":{"line":11,"column":32}},"6":{"start":{"line":12,"column":11},"end":{"line":14,"column":5}},"7":{"start":{"line":13,"column":6},"end":{"line":13,"column":54}},"8":{"start":{"line":16,"column":4},"end":{"line":21,"column":5}},"9":{"start":{"line":17,"column":6},"end":{"line":20,"column":9}},"10":{"start":{"line":24,"column":20},"end":{"line":24,"column":61}},"11":{"start":{"line":27,"column":17},"end":{"line":27,"column":48}},"12":{"start":{"line":29,"column":4},"end":{"line":34,"column":5}},"13":{"start":{"line":30,"column":6},"end":{"line":33,"column":9}},"14":{"start":{"line":36,"column":4},"end":{"line":41,"column":5}},"15":{"start":{"line":37,"column":6},"end":{"line":40,"column":9}},"16":{"start":{"line":43,"column":4},"end":{"line":43,"column":20}},"17":{"start":{"line":44,"column":4},"end":{"line":44,"column":11}},"18":{"start":{"line":46,"column":4},"end":{"line":49,"column":7}},"19":{"start":{"line":54,"column":21},"end":{"line":77,"column":1}},"20":{"start":{"line":55,"column":2},"end":{"line":76,"column":3}},"21":{"start":{"line":58,"column":4},"end":{"line":62,"column":5}},"22":{"start":{"line":59,"column":6},"end":{"line":59,"column":32}},"23":{"start":{"line":60,"column":11},"end":{"line":62,"column":5}},"24":{"start":{"line":61,"column":6},"end":{"line":61,"column":54}},"25":{"start":{"line":64,"column":4},"end":{"line":70,"column":5}},"26":{"start":{"line":65,"column":22},"end":{"line":65,"column":63}},"27":{"start":{"line":66,"column":19},"end":{"line":66,"column":50}},"28":{"start":{"line":67,"column":6},"end":{"line":69,"column":7}},"29":{"start":{"line":68,"column":8},"end":{"line":68,"column":24}},"30":{"start":{"line":72,"column":4},"end":{"line":72,"column":11}},"31":{"start":{"line":75,"column":4},"end":{"line":75,"column":11}},"32":{"start":{"line":80,"column":18},"end":{"line":90,"column":1}},"33":{"start":{"line":81,"column":2},"end":{"line":89,"column":4}},"34":{"start":{"line":82,"column":4},"end":{"line":87,"column":5}},"35":{"start":{"line":83,"column":6},"end":{"line":86,"column":9}},"36":{"start":{"line":88,"column":4},"end":{"line":88,"column":11}},"37":{"start":{"line":93,"column":21},"end":{"line":107,"column":1}},"38":{"start":{"line":94,"column":2},"end":{"line":106,"column":4}},"39":{"start":{"line":95,"column":27},"end":{"line":95,"column":83}},"40":{"start":{"line":96,"column":26},"end":{"line":96,"column":49}},"41":{"start":{"line":97,"column":20},"end":{"line":97,"column":50}},"42":{"start":{"line":99,"column":4},"end":{"line":104,"column":5}},"43":{"start":{"line":100,"column":6},"end":{"line":103,"column":9}},"44":{"start":{"line":105,"column":4},"end":{"line":105,"column":11}},"45":{"start":{"line":109,"column":0},"end":{"line":109,"column":68}}},"fnMap":{"0":{"name":"(anonymous_0)","decl":{"start":{"line":5,"column":16},"end":{"line":5,"column":17}},"loc":{"start":{"line":5,"column":42},"end":{"line":51,"column":1}},"line":5},"1":{"name":"(anonymous_1)","decl":{"start":{"line":54,"column":21},"end":{"line":54,"column":22}},"loc":{"start":{"line":54,"column":47},"end":{"line":77,"column":1}},"line":54},"2":{"name":"(anonymous_2)","decl":{"start":{"line":80,"column":18},"end":{"line":80,"column":19}},"loc":{"start":{"line":80,"column":32},"end":{"line":90,"column":1}},"line":80},"3":{"name":"(anonymous_3)","decl":{"start":{"line":81,"column":9},"end":{"line":81,"column":10}},"loc":{"start":{"line":81,"column":29},"end":{"line":89,"column":3}},"line":81},"4":{"name":"(anonymous_4)","decl":{"start":{"line":93,"column":21},"end":{"line":93,"column":22}},"loc":{"start":{"line":93,"column":47},"end":{"line":107,"column":1}},"line":93},"5":{"name":"(anonymous_5)","decl":{"start":{"line":94,"column":9},"end":{"line":94,"column":10}},"loc":{"start":{"line":94,"column":29},"end":{"line":106,"column":3}},"line":94}},"branchMap":{"0":{"loc":{"start":{"line":10,"column":4},"end":{"line":14,"column":5}},"type":"if","locations":[{"start":{"line":10,"column":4},"end":{"line":14,"column":5}},{"start":{"line":12,"column":11},"end":{"line":14,"column":5}}],"line":10},"1":{"loc":{"start":{"line":10,"column":8},"end":{"line":10,"column":40}},"type":"binary-expr","locations":[{"start":{"line":10,"column":8},"end":{"line":10,"column":19}},{"start":{"line":10,"column":23},"end":{"line":10,"column":40}}],"line":10},"2":{"loc":{"start":{"line":12,"column":11},"end":{"line":14,"column":5}},"type":"if","locations":[{"start":{"line":12,"column":11},"end":{"line":14,"column":5}},{"start":{},"end":{}}],"line":12},"3":{"loc":{"start":{"line":12,"column":15},"end":{"line":12,"column":90}},"type":"binary-expr","locations":[{"start":{"line":12,"column":15},"end":{"line":12,"column":40}},{"start":{"line":12,"column":44},"end":{"line":12,"column":90}}],"line":12},"4":{"loc":{"start":{"line":16,"column":4},"end":{"line":21,"column":5}},"type":"if","locations":[{"start":{"line":16,"column":4},"end":{"line":21,"column":5}},{"start":{},"end":{}}],"line":16},"5":{"loc":{"start":{"line":29,"column":4},"end":{"line":34,"column":5}},"type":"if","locations":[{"start":{"line":29,"column":4},"end":{"line":34,"column":5}},{"start":{},"end":{}}],"line":29},"6":{"loc":{"start":{"line":36,"column":4},"end":{"line":41,"column":5}},"type":"if","locations":[{"start":{"line":36,"column":4},"end":{"line":41,"column":5}},{"start":{},"end":{}}],"line":36},"7":{"loc":{"start":{"line":58,"column":4},"end":{"line":62,"column":5}},"type":"if","locations":[{"start":{"line":58,"column":4},"end":{"line":62,"column":5}},{"start":{"line":60,"column":11},"end":{"line":62,"column":5}}],"line":58},"8":{"loc":{"start":{"line":58,"column":8},"end":{"line":58,"column":40}},"type":"binary-expr","locations":[{"start":{"line":58,"column":8},"end":{"line":58,"column":19}},{"start":{"line":58,"column":23},"end":{"line":58,"column":40}}],"line":58},"9":{"loc":{"start":{"line":60,"column":11},"end":{"line":62,"column":5}},"type":"if","locations":[{"start":{"line":60,"column":11},"end":{"line":62,"column":5}},{"start":{},"end":{}}],"line":60},"10":{"loc":{"start":{"line":60,"column":15},"end":{"line":60,"column":90}},"type":"binary-expr","locations":[{"start":{"line":60,"column":15},"end":{"line":60,"column":40}},{"start":{"line":60,"column":44},"end":{"line":60,"column":90}}],"line":60},"11":{"loc":{"start":{"line":64,"column":4},"end":{"line":70,"column":5}},"type":"if","locations":[{"start":{"line":64,"column":4},"end":{"line":70,"column":5}},{"start":{},"end":{}}],"line":64},"12":{"loc":{"start":{"line":67,"column":6},"end":{"line":69,"column":7}},"type":"if","locations":[{"start":{"line":67,"column":6},"end":{"line":69,"column":7}},{"start":{},"end":{}}],"line":67},"13":{"loc":{"start":{"line":67,"column":10},"end":{"line":67,"column":32}},"type":"binary-expr","locations":[{"start":{"line":67,"column":10},"end":{"line":67,"column":14}},{"start":{"line":67,"column":18},"end":{"line":67,"column":32}}],"line":67},"14":{"loc":{"start":{"line":82,"column":4},"end":{"line":87,"column":5}},"type":"if","locations":[{"start":{"line":82,"column":4},"end":{"line":87,"column":5}},{"start":{},"end":{}}],"line":82},"15":{"loc":{"start":{"line":93,"column":22},"end":{"line":93,"column":42}},"type":"default-arg","locations":[{"start":{"line":93,"column":36},"end":{"line":93,"column":42}}],"line":93},"16":{"loc":{"start":{"line":95,"column":27},"end":{"line":95,"column":83}},"type":"binary-expr","locations":[{"start":{"line":95,"column":27},"end":{"line":95,"column":66}},{"start":{"line":95,"column":70},"end":{"line":95,"column":83}}],"line":95},"17":{"loc":{"start":{"line":99,"column":4},"end":{"line":104,"column":5}},"type":"if","locations":[{"start":{"line":99,"column":4},"end":{"line":104,"column":5}},{"start":{},"end":{}}],"line":99},"18":{"loc":{"start":{"line":99,"column":8},"end":{"line":99,"column":52}},"type":"binary-expr","locations":[{"start":{"line":99,"column":8},"end":{"line":99,"column":40}},{"start":{"line":99,"column":44},"end":{"line":99,"column":52}}],"line":99}},"s":{"0":1,"1":1,"2":1,"3":20,"4":20,"5":0,"6":20,"7":19,"8":20,"9":1,"10":19,"11":19,"12":19,"13":0,"14":19,"15":0,"16":19,"17":19,"18":0,"19":1,"20":0,"21":0,"22":0,"23":0,"24":0,"25":0,"26":0,"27":0,"28":0,"29":0,"30":0,"31":0,"32":1,"33":4,"34":19,"35":1,"36":18,"37":1,"38":0,"39":0,"40":0,"41":0,"42":0,"43":0,"44":0,"45":1},"f":{"0":20,"1":0,"2":4,"3":19,"4":0,"5":0},"b":{"0":[0,20],"1":[20,20],"2":[19,1],"3":[20,19],"4":[1,19],"5":[0,19],"6":[0,19],"7":[0,0],"8":[0,0],"9":[0,0],"10":[0,0],"11":[0,0],"12":[0,0],"13":[0,0],"14":[1,18],"15":[0],"16":[0,0],"17":[0,0],"18":[0,0]},"_coverageSchema":"1a1c01bbd47fc00a2c39e90264f33305004495a9","hash":"189f1e1a89591ee035284dd34b992bd93e579432"}
,"/Users/soroush911/Documents/Projects/Capstone_Project_2/backend/middleware/validators.js": {"path":"/Users/soroush911/Documents/Projects/Capstone_Project_2/backend/middleware/validators.js","statementMap":{"0":{"start":{"line":1,"column":49},"end":{"line":1,"column":77}},"1":{"start":{"line":4,"column":17},"end":{"line":14,"column":1}},"2":{"start":{"line":5,"column":17},"end":{"line":5,"column":38}},"3":{"start":{"line":6,"column":2},"end":{"line":12,"column":3}},"4":{"start":{"line":7,"column":4},"end":{"line":11,"column":7}},"5":{"start":{"line":10,"column":38},"end":{"line":10,"column":43}},"6":{"start":{"line":13,"column":2},"end":{"line":13,"column":9}},"7":{"start":{"line":17,"column":27},"end":{"line":54,"column":1}},"8":{"start":{"line":56,"column":24},"end":{"line":65,"column":1}},"9":{"start":{"line":68,"column":24},"end":{"line":106,"column":1}},"10":{"start":{"line":109,"column":23},"end":{"line":125,"column":1}},"11":{"start":{"line":128,"column":29},"end":{"line":149,"column":1}},"12":{"start":{"line":152,"column":26},"end":{"line":166,"column":1}},"13":{"start":{"line":169,"column":26},"end":{"line":174,"column":1}},"14":{"start":{"line":177,"column":29},"end":{"line":187,"column":1}},"15":{"start":{"line":189,"column":0},"end":{"line":199,"column":2}}},"fnMap":{"0":{"name":"(anonymous_0)","decl":{"start":{"line":4,"column":17},"end":{"line":4,"column":18}},"loc":{"start":{"line":4,"column":37},"end":{"line":14,"column":1}},"line":4},"1":{"name":"(anonymous_1)","decl":{"start":{"line":10,"column":33},"end":{"line":10,"column":34}},"loc":{"start":{"line":10,"column":38},"end":{"line":10,"column":43}},"line":10}},"branchMap":{"0":{"loc":{"start":{"line":6,"column":2},"end":{"line":12,"column":3}},"type":"if","locations":[{"start":{"line":6,"column":2},"end":{"line":12,"column":3}},{"start":{},"end":{}}],"line":6}},"s":{"0":1,"1":1,"2":65,"3":65,"4":0,"5":0,"6":65,"7":1,"8":1,"9":1,"10":1,"11":1,"12":1,"13":1,"14":1,"15":1},"f":{"0":65,"1":0},"b":{"0":[0,65]},"_coverageSchema":"1a1c01bbd47fc00a2c39e90264f33305004495a9","hash":"5e18371c36d23325d59edd8c0bce9274a0eb0f60"}
,"/Users/soroush911/Documents/Projects/Capstone_Project_2/backend/models/booking.js": {"path":"/Users/soroush911/Documents/Projects/Capstone_Project_2/backend/models/booking.js","statementMap":{"0":{"start":{"line":1,"column":17},"end":{"line":1,"column":36}},"1":{"start":{"line":3,"column":22},"end":{"line":63,"column":2}},"2":{"start":{"line":66,"column":0},"end":{"line":66,"column":58}},"3":{"start":{"line":67,"column":0},"end":{"line":67,"column":44}},"4":{"start":{"line":68,"column":0},"end":{"line":68,"column":44}},"5":{"start":{"line":71,"column":0},"end":{"line":74,"column":2}},"6":{"start":{"line":76,"column":0},"end":{"line":76,"column":58}}},"fnMap":{},"branchMap":{},"s":{"0":1,"1":1,"2":1,"3":1,"4":1,"5":1,"6":1},"f":{},"b":{},"_coverageSchema":"1a1c01bbd47fc00a2c39e90264f33305004495a9","hash":"cff30d79e7a5a7db029843d7e72b70175d8c06e7"}
,"/Users/soroush911/Documents/Projects/Capstone_Project_2/backend/models/classified.js": {"path":"/Users/soroush911/Documents/Projects/Capstone_Project_2/backend/models/classified.js","statementMap":{"0":{"start":{"line":1,"column":17},"end":{"line":1,"column":36}},"1":{"start":{"line":3,"column":25},"end":{"line":98,"column":2}},"2":{"start":{"line":78,"column":19},"end":{"line":78,"column":66}},"3":{"start":{"line":101,"column":0},"end":{"line":101,"column":58}},"4":{"start":{"line":102,"column":0},"end":{"line":102,"column":40}},"5":{"start":{"line":103,"column":0},"end":{"line":103,"column":63}},"6":{"start":{"line":104,"column":0},"end":{"line":104,"column":42}},"7":{"start":{"line":107,"column":0},"end":{"line":109,"column":3}},"8":{"start":{"line":108,"column":2},"end":{"line":108,"column":31}},"9":{"start":{"line":112,"column":0},"end":{"line":112,"column":51}},"10":{"start":{"line":113,"column":0},"end":{"line":113,"column":53}},"11":{"start":{"line":115,"column":0},"end":{"line":115,"column":64}}},"fnMap":{"0":{"name":"(anonymous_0)","decl":{"start":{"line":78,"column":13},"end":{"line":78,"column":14}},"loc":{"start":{"line":78,"column":19},"end":{"line":78,"column":66}},"line":78},"1":{"name":"(anonymous_1)","decl":{"start":{"line":107,"column":47},"end":{"line":107,"column":48}},"loc":{"start":{"line":107,"column":58},"end":{"line":109,"column":1}},"line":107}},"branchMap":{},"s":{"0":1,"1":1,"2":0,"3":1,"4":1,"5":1,"6":1,"7":1,"8":0,"9":1,"10":1,"11":1},"f":{"0":0,"1":0},"b":{},"_coverageSchema":"1a1c01bbd47fc00a2c39e90264f33305004495a9","hash":"b54e9c6782f252310a0af909e0c80ad603e5a98e"}
,"/Users/soroush911/Documents/Projects/Capstone_Project_2/backend/models/conversation.js": {"path":"/Users/soroush911/Documents/Projects/Capstone_Project_2/backend/models/conversation.js","statementMap":{"0":{"start":{"line":1,"column":17},"end":{"line":1,"column":36}},"1":{"start":{"line":3,"column":27},"end":{"line":42,"column":2}},"2":{"start":{"line":45,"column":0},"end":{"line":45,"column":46}},"3":{"start":{"line":46,"column":0},"end":{"line":46,"column":38}},"4":{"start":{"line":47,"column":0},"end":{"line":47,"column":45}},"5":{"start":{"line":49,"column":0},"end":{"line":49,"column":68}}},"fnMap":{},"branchMap":{},"s":{"0":1,"1":1,"2":1,"3":1,"4":1,"5":1},"f":{},"b":{},"_coverageSchema":"1a1c01bbd47fc00a2c39e90264f33305004495a9","hash":"6abfddced282e678280145f100059d5847771b9f"}
,"/Users/soroush911/Documents/Projects/Capstone_Project_2/backend/models/events.js": {"path":"/Users/soroush911/Documents/Projects/Capstone_Project_2/backend/models/events.js","statementMap":{"0":{"start":{"line":1,"column":17},"end":{"line":1,"column":36}},"1":{"start":{"line":3,"column":20},"end":{"line":167,"column":2}},"2":{"start":{"line":170,"column":0},"end":{"line":170,"column":42}},"3":{"start":{"line":171,"column":0},"end":{"line":171,"column":42}},"4":{"start":{"line":172,"column":0},"end":{"line":172,"column":58}},"5":{"start":{"line":175,"column":0},"end":{"line":181,"column":3}},"6":{"start":{"line":177,"column":2},"end":{"line":179,"column":3}},"7":{"start":{"line":178,"column":4},"end":{"line":178,"column":36}},"8":{"start":{"line":180,"column":2},"end":{"line":180,"column":66}},"9":{"start":{"line":180,"column":37},"end":{"line":180,"column":57}},"10":{"start":{"line":184,"column":0},"end":{"line":187,"column":3}},"11":{"start":{"line":185,"column":19},"end":{"line":185,"column":104}},"12":{"start":{"line":185,"column":76},"end":{"line":185,"column":96}},"13":{"start":{"line":186,"column":2},"end":{"line":186,"column":42}},"14":{"start":{"line":190,"column":0},"end":{"line":193,"column":3}},"15":{"start":{"line":191,"column":2},"end":{"line":191,"column":36}},"16":{"start":{"line":191,"column":27},"end":{"line":191,"column":36}},"17":{"start":{"line":192,"column":2},"end":{"line":192,"column":71}},"18":{"start":{"line":192,"column":40},"end":{"line":192,"column":62}},"19":{"start":{"line":196,"column":0},"end":{"line":196,"column":46}},"20":{"start":{"line":197,"column":0},"end":{"line":197,"column":48}},"21":{"start":{"line":199,"column":0},"end":{"line":199,"column":54}}},"fnMap":{"0":{"name":"(anonymous_0)","decl":{"start":{"line":175,"column":46},"end":{"line":175,"column":47}},"loc":{"start":{"line":175,"column":57},"end":{"line":181,"column":1}},"line":175},"1":{"name":"(anonymous_1)","decl":{"start":{"line":180,"column":32},"end":{"line":180,"column":33}},"loc":{"start":{"line":180,"column":37},"end":{"line":180,"column":57}},"line":180},"2":{"name":"(anonymous_2)","decl":{"start":{"line":184,"column":38},"end":{"line":184,"column":39}},"loc":{"start":{"line":184,"column":49},"end":{"line":187,"column":1}},"line":184},"3":{"name":"(anonymous_3)","decl":{"start":{"line":185,"column":71},"end":{"line":185,"column":72}},"loc":{"start":{"line":185,"column":76},"end":{"line":185,"column":96}},"line":185},"4":{"name":"(anonymous_4)","decl":{"start":{"line":190,"column":50},"end":{"line":190,"column":51}},"loc":{"start":{"line":190,"column":61},"end":{"line":193,"column":1}},"line":190},"5":{"name":"(anonymous_5)","decl":{"start":{"line":192,"column":35},"end":{"line":192,"column":36}},"loc":{"start":{"line":192,"column":40},"end":{"line":192,"column":62}},"line":192}},"branchMap":{"0":{"loc":{"start":{"line":177,"column":2},"end":{"line":179,"column":3}},"type":"if","locations":[{"start":{"line":177,"column":2},"end":{"line":179,"column":3}},{"start":{},"end":{}}],"line":177},"1":{"loc":{"start":{"line":177,"column":6},"end":{"line":177,"column":55}},"type":"binary-expr","locations":[{"start":{"line":177,"column":6},"end":{"line":177,"column":23}},{"start":{"line":177,"column":27},"end":{"line":177,"column":55}}],"line":177},"2":{"loc":{"start":{"line":185,"column":19},"end":{"line":185,"column":104}},"type":"binary-expr","locations":[{"start":{"line":185,"column":19},"end":{"line":185,"column":44}},{"start":{"line":185,"column":48},"end":{"line":185,"column":104}}],"line":185},"3":{"loc":{"start":{"line":191,"column":2},"end":{"line":191,"column":36}},"type":"if","locations":[{"start":{"line":191,"column":2},"end":{"line":191,"column":36}},{"start":{},"end":{}}],"line":191}},"s":{"0":1,"1":1,"2":1,"3":1,"4":1,"5":1,"6":3,"7":0,"8":3,"9":0,"10":1,"11":3,"12":0,"13":3,"14":1,"15":3,"16":0,"17":3,"18":0,"19":1,"20":1,"21":1},"f":{"0":3,"1":0,"2":3,"3":0,"4":3,"5":0},"b":{"0":[0,3],"1":[3,3],"2":[3,3],"3":[0,3]},"_coverageSchema":"1a1c01bbd47fc00a2c39e90264f33305004495a9","hash":"920a10482cb69ec57eadc0547a48ac6bcb5572cd"}
,"/Users/soroush911/Documents/Projects/Capstone_Project_2/backend/models/field.js": {"path":"/Users/soroush911/Documents/Projects/Capstone_Project_2/backend/models/field.js","statementMap":{"0":{"start":{"line":1,"column":17},"end":{"line":1,"column":36}},"1":{"start":{"line":3,"column":23},"end":{"line":17,"column":18}},"2":{"start":{"line":19,"column":20},"end":{"line":97,"column":2}},"3":{"start":{"line":100,"column":0},"end":{"line":100,"column":41}},"4":{"start":{"line":101,"column":0},"end":{"line":101,"column":46}},"5":{"start":{"line":102,"column":0},"end":{"line":102,"column":57}},"6":{"start":{"line":103,"column":0},"end":{"line":103,"column":57}},"7":{"start":{"line":105,"column":0},"end":{"line":105,"column":54}}},"fnMap":{},"branchMap":{},"s":{"0":1,"1":1,"2":1,"3":1,"4":1,"5":1,"6":1,"7":1},"f":{},"b":{},"_coverageSchema":"1a1c01bbd47fc00a2c39e90264f33305004495a9","hash":"4a781b13ae276f7fb6013339bc1d2a999115d597"}
,"/Users/soroush911/Documents/Projects/Capstone_Project_2/backend/models/message.js": {"path":"/Users/soroush911/Documents/Projects/Capstone_Project_2/backend/models/message.js","statementMap":{"0":{"start":{"line":1,"column":17},"end":{"line":1,"column":36}},"1":{"start":{"line":3,"column":22},"end":{"line":45,"column":2}},"2":{"start":{"line":48,"column":0},"end":{"line":48,"column":57}},"3":{"start":{"line":49,"column":0},"end":{"line":49,"column":35}},"4":{"start":{"line":51,"column":0},"end":{"line":51,"column":58}}},"fnMap":{},"branchMap":{},"s":{"0":1,"1":1,"2":1,"3":1,"4":1},"f":{},"b":{},"_coverageSchema":"1a1c01bbd47fc00a2c39e90264f33305004495a9","hash":"390d66ff828c9acefcf28a4c90e6ba4069d636fb"}
,"/Users/soroush911/Documents/Projects/Capstone_Project_2/backend/models/notification.js": {"path":"/Users/soroush911/Documents/Projects/Capstone_Project_2/backend/models/notification.js","statementMap":{"0":{"start":{"line":1,"column":17},"end":{"line":1,"column":36}},"1":{"start":{"line":3,"column":27},"end":{"line":60,"column":2}},"2":{"start":{"line":63,"column":0},"end":{"line":63,"column":63}},"3":{"start":{"line":64,"column":0},"end":{"line":64,"column":54}},"4":{"start":{"line":67,"column":0},"end":{"line":76,"column":2}},"5":{"start":{"line":68,"column":24},"end":{"line":71,"column":18}},"6":{"start":{"line":73,"column":2},"end":{"line":75,"column":3}},"7":{"start":{"line":74,"column":4},"end":{"line":74,"column":75}},"8":{"start":{"line":74,"column":63},"end":{"line":74,"column":68}},"9":{"start":{"line":78,"column":0},"end":{"line":78,"column":68}}},"fnMap":{"0":{"name":"(anonymous_0)","decl":{"start":{"line":67,"column":53},"end":{"line":67,"column":54}},"loc":{"start":{"line":67,"column":76},"end":{"line":76,"column":1}},"line":67},"1":{"name":"(anonymous_1)","decl":{"start":{"line":74,"column":58},"end":{"line":74,"column":59}},"loc":{"start":{"line":74,"column":63},"end":{"line":74,"column":68}},"line":74}},"branchMap":{"0":{"loc":{"start":{"line":73,"column":2},"end":{"line":75,"column":3}},"type":"if","locations":[{"start":{"line":73,"column":2},"end":{"line":75,"column":3}},{"start":{},"end":{}}],"line":73}},"s":{"0":1,"1":1,"2":1,"3":1,"4":1,"5":0,"6":0,"7":0,"8":0,"9":1},"f":{"0":0,"1":0},"b":{"0":[0,0]},"_coverageSchema":"1a1c01bbd47fc00a2c39e90264f33305004495a9","hash":"387da47d235ddf2811b72e59f1acbd8c43738470"}
,"/Users/soroush911/Documents/Projects/Capstone_Project_2/backend/models/teams.js": {"path":"/Users/soroush911/Documents/Projects/Capstone_Project_2/backend/models/teams.js","statementMap":{"0":{"start":{"line":1,"column":17},"end":{"line":1,"column":36}},"1":{"start":{"line":3,"column":25},"end":{"line":18,"column":18}},"2":{"start":{"line":20,"column":19},"end":{"line":139,"column":2}},"3":{"start":{"line":142,"column":0},"end":{"line":142,"column":79}},"4":{"start":{"line":145,"column":0},"end":{"line":150,"column":3}},"5":{"start":{"line":146,"column":2},"end":{"line":148,"column":3}},"6":{"start":{"line":147,"column":4},"end":{"line":147,"column":13}},"7":{"start":{"line":149,"column":2},"end":{"line":149,"column":29}},"8":{"start":{"line":153,"column":0},"end":{"line":153,"column":45}},"9":{"start":{"line":154,"column":0},"end":{"line":154,"column":47}},"10":{"start":{"line":156,"column":0},"end":{"line":156,"column":52}}},"fnMap":{"0":{"name":"(anonymous_0)","decl":{"start":{"line":145,"column":39},"end":{"line":145,"column":40}},"loc":{"start":{"line":145,"column":50},"end":{"line":150,"column":1}},"line":145}},"branchMap":{"0":{"loc":{"start":{"line":146,"column":2},"end":{"line":148,"column":3}},"type":"if","locations":[{"start":{"line":146,"column":2},"end":{"line":148,"column":3}},{"start":{},"end":{}}],"line":146},"1":{"loc":{"start":{"line":146,"column":6},"end":{"line":146,"column":51}},"type":"binary-expr","locations":[{"start":{"line":146,"column":6},"end":{"line":146,"column":19}},{"start":{"line":146,"column":23},"end":{"line":146,"column":51}}],"line":146}},"s":{"0":1,"1":1,"2":1,"3":1,"4":1,"5":3,"6":0,"7":3,"8":1,"9":1,"10":1},"f":{"0":3},"b":{"0":[0,3],"1":[3,3]},"_coverageSchema":"1a1c01bbd47fc00a2c39e90264f33305004495a9","hash":"4fb7b571911a211829bd7b224eaf967383e87ac6"}
,"/Users/soroush911/Documents/Projects/Capstone_Project_2/backend/models/user.js": {"path":"/Users/soroush911/Documents/Projects/Capstone_Project_2/backend/models/user.js","statementMap":{"0":{"start":{"line":1,"column":17},"end":{"line":1,"column":36}},"1":{"start":{"line":2,"column":15},"end":{"line":2,"column":32}},"2":{"start":{"line":4,"column":19},"end":{"line":168,"column":2}},"3":{"start":{"line":171,"column":0},"end":{"line":171,"column":78}},"4":{"start":{"line":174,"column":0},"end":{"line":186,"column":3}},"5":{"start":{"line":175,"column":2},"end":{"line":177,"column":3}},"6":{"start":{"line":176,"column":4},"end":{"line":176,"column":18}},"7":{"start":{"line":179,"column":2},"end":{"line":185,"column":3}},"8":{"start":{"line":180,"column":17},"end":{"line":180,"column":41}},"9":{"start":{"line":181,"column":4},"end":{"line":181,"column":59}},"10":{"start":{"line":182,"column":4},"end":{"line":182,"column":11}},"11":{"start":{"line":184,"column":4},"end":{"line":184,"column":16}},"12":{"start":{"line":189,"column":0},"end":{"line":191,"column":2}},"13":{"start":{"line":190,"column":2},"end":{"line":190,"column":49}},"14":{"start":{"line":194,"column":0},"end":{"line":196,"column":3}},"15":{"start":{"line":195,"column":2},"end":{"line":195,"column":48}},"16":{"start":{"line":199,"column":0},"end":{"line":199,"column":45}},"17":{"start":{"line":200,"column":0},"end":{"line":200,"column":47}},"18":{"start":{"line":202,"column":0},"end":{"line":202,"column":52}}},"fnMap":{"0":{"name":"(anonymous_0)","decl":{"start":{"line":174,"column":23},"end":{"line":174,"column":24}},"loc":{"start":{"line":174,"column":44},"end":{"line":186,"column":1}},"line":174},"1":{"name":"(anonymous_1)","decl":{"start":{"line":189,"column":37},"end":{"line":189,"column":38}},"loc":{"start":{"line":189,"column":62},"end":{"line":191,"column":1}},"line":189},"2":{"name":"(anonymous_2)","decl":{"start":{"line":194,"column":36},"end":{"line":194,"column":37}},"loc":{"start":{"line":194,"column":47},"end":{"line":196,"column":1}},"line":194}},"branchMap":{"0":{"loc":{"start":{"line":175,"column":2},"end":{"line":177,"column":3}},"type":"if","locations":[{"start":{"line":175,"column":2},"end":{"line":177,"column":3}},{"start":{},"end":{}}],"line":175}},"s":{"0":1,"1":1,"2":1,"3":1,"4":1,"5":68,"6":22,"7":46,"8":46,"9":46,"10":46,"11":0,"12":1,"13":19,"14":1,"15":8,"16":1,"17":1,"18":1},"f":{"0":68,"1":19,"2":8},"b":{"0":[22,46]},"_coverageSchema":"1a1c01bbd47fc00a2c39e90264f33305004495a9","hash":"951c8029e3016ba025deb804a35d5aee17a16067"}
,"/Users/soroush911/Documents/Projects/Capstone_Project_2/backend/routes/adminRoutes.js": {"path":"/Users/soroush911/Documents/Projects/Capstone_Project_2/backend/routes/adminRoutes.js","statementMap":{"0":{"start":{"line":1,"column":16},"end":{"line":1,"column":34}},"1":{"start":{"line":2,"column":14},"end":{"line":2,"column":41}},"2":{"start":{"line":3,"column":13},"end":{"line":3,"column":39}},"3":{"start":{"line":4,"column":13},"end":{"line":4,"column":38}},"4":{"start":{"line":5,"column":19},"end":{"line":5,"column":50}},"5":{"start":{"line":6,"column":21},"end":{"line":6,"column":54}},"6":{"start":{"line":7,"column":31},"end":{"line":7,"column":60}},"7":{"start":{"line":9,"column":15},"end":{"line":9,"column":31}},"8":{"start":{"line":12,"column":0},"end":{"line":12,"column":20}},"9":{"start":{"line":13,"column":0},"end":{"line":13,"column":31}},"10":{"start":{"line":20,"column":0},"end":{"line":54,"column":3}},"11":{"start":{"line":21,"column":2},"end":{"line":53,"column":3}},"12":{"start":{"line":31,"column":8},"end":{"line":40,"column":6}},"13":{"start":{"line":42,"column":4},"end":{"line":50,"column":7}},"14":{"start":{"line":52,"column":4},"end":{"line":52,"column":16}},"15":{"start":{"line":61,"column":0},"end":{"line":75,"column":3}},"16":{"start":{"line":62,"column":2},"end":{"line":74,"column":3}},"17":{"start":{"line":63,"column":19},"end":{"line":66,"column":31}},"18":{"start":{"line":68,"column":4},"end":{"line":71,"column":7}},"19":{"start":{"line":73,"column":4},"end":{"line":73,"column":16}},"20":{"start":{"line":80,"column":0},"end":{"line":114,"column":3}},"21":{"start":{"line":81,"column":2},"end":{"line":113,"column":3}},"22":{"start":{"line":82,"column":18},"end":{"line":82,"column":53}},"23":{"start":{"line":84,"column":4},"end":{"line":89,"column":5}},"24":{"start":{"line":85,"column":6},"end":{"line":88,"column":9}},"25":{"start":{"line":91,"column":4},"end":{"line":91,"column":39}},"26":{"start":{"line":92,"column":4},"end":{"line":92,"column":37}},"27":{"start":{"line":93,"column":4},"end":{"line":93,"column":35}},"28":{"start":{"line":94,"column":4},"end":{"line":94,"column":23}},"29":{"start":{"line":97,"column":4},"end":{"line":104,"column":7}},"30":{"start":{"line":106,"column":4},"end":{"line":110,"column":7}},"31":{"start":{"line":112,"column":4},"end":{"line":112,"column":16}},"32":{"start":{"line":119,"column":0},"end":{"line":161,"column":3}},"33":{"start":{"line":120,"column":2},"end":{"line":160,"column":3}},"34":{"start":{"line":121,"column":23},"end":{"line":121,"column":31}},"35":{"start":{"line":123,"column":4},"end":{"line":128,"column":5}},"36":{"start":{"line":124,"column":6},"end":{"line":127,"column":9}},"37":{"start":{"line":130,"column":18},"end":{"line":130,"column":53}},"38":{"start":{"line":132,"column":4},"end":{"line":137,"column":5}},"39":{"start":{"line":133,"column":6},"end":{"line":136,"column":9}},"40":{"start":{"line":139,"column":4},"end":{"line":139,"column":39}},"41":{"start":{"line":140,"column":4},"end":{"line":140,"column":36}},"42":{"start":{"line":141,"column":4},"end":{"line":141,"column":23}},"43":{"start":{"line":144,"column":4},"end":{"line":151,"column":7}},"44":{"start":{"line":153,"column":4},"end":{"line":157,"column":7}},"45":{"start":{"line":159,"column":4},"end":{"line":159,"column":16}},"46":{"start":{"line":168,"column":0},"end":{"line":181,"column":3}},"47":{"start":{"line":169,"column":2},"end":{"line":180,"column":3}},"48":{"start":{"line":170,"column":18},"end":{"line":172,"column":31}},"49":{"start":{"line":174,"column":4},"end":{"line":177,"column":7}},"50":{"start":{"line":179,"column":4},"end":{"line":179,"column":16}},"51":{"start":{"line":186,"column":0},"end":{"line":220,"column":3}},"52":{"start":{"line":187,"column":2},"end":{"line":219,"column":3}},"53":{"start":{"line":188,"column":17},"end":{"line":188,"column":51}},"54":{"start":{"line":190,"column":4},"end":{"line":195,"column":5}},"55":{"start":{"line":191,"column":6},"end":{"line":194,"column":9}},"56":{"start":{"line":197,"column":4},"end":{"line":197,"column":38}},"57":{"start":{"line":198,"column":4},"end":{"line":198,"column":36}},"58":{"start":{"line":199,"column":4},"end":{"line":199,"column":34}},"59":{"start":{"line":200,"column":4},"end":{"line":200,"column":22}},"60":{"start":{"line":203,"column":4},"end":{"line":210,"column":7}},"61":{"start":{"line":212,"column":4},"end":{"line":216,"column":7}},"62":{"start":{"line":218,"column":4},"end":{"line":218,"column":16}},"63":{"start":{"line":225,"column":0},"end":{"line":266,"column":3}},"64":{"start":{"line":226,"column":2},"end":{"line":265,"column":3}},"65":{"start":{"line":227,"column":23},"end":{"line":227,"column":31}},"66":{"start":{"line":229,"column":4},"end":{"line":234,"column":5}},"67":{"start":{"line":230,"column":6},"end":{"line":233,"column":9}},"68":{"start":{"line":236,"column":17},"end":{"line":236,"column":51}},"69":{"start":{"line":238,"column":4},"end":{"line":243,"column":5}},"70":{"start":{"line":239,"column":6},"end":{"line":242,"column":9}},"71":{"start":{"line":245,"column":4},"end":{"line":245,"column":38}},"72":{"start":{"line":246,"column":4},"end":{"line":246,"column":35}},"73":{"start":{"line":247,"column":4},"end":{"line":247,"column":22}},"74":{"start":{"line":250,"column":4},"end":{"line":256,"column":7}},"75":{"start":{"line":258,"column":4},"end":{"line":262,"column":7}},"76":{"start":{"line":264,"column":4},"end":{"line":264,"column":16}},"77":{"start":{"line":273,"column":0},"end":{"line":286,"column":3}},"78":{"start":{"line":274,"column":2},"end":{"line":285,"column":3}},"79":{"start":{"line":275,"column":24},"end":{"line":277,"column":31}},"80":{"start":{"line":279,"column":4},"end":{"line":282,"column":7}},"81":{"start":{"line":284,"column":4},"end":{"line":284,"column":16}},"82":{"start":{"line":291,"column":0},"end":{"line":325,"column":3}},"83":{"start":{"line":292,"column":2},"end":{"line":324,"column":3}},"84":{"start":{"line":293,"column":23},"end":{"line":293,"column":63}},"85":{"start":{"line":295,"column":4},"end":{"line":300,"column":5}},"86":{"start":{"line":296,"column":6},"end":{"line":299,"column":9}},"87":{"start":{"line":302,"column":4},"end":{"line":302,"column":44}},"88":{"start":{"line":303,"column":4},"end":{"line":303,"column":42}},"89":{"start":{"line":304,"column":4},"end":{"line":304,"column":40}},"90":{"start":{"line":305,"column":4},"end":{"line":305,"column":28}},"91":{"start":{"line":308,"column":4},"end":{"line":315,"column":7}},"92":{"start":{"line":317,"column":4},"end":{"line":321,"column":7}},"93":{"start":{"line":323,"column":4},"end":{"line":323,"column":16}},"94":{"start":{"line":330,"column":0},"end":{"line":372,"column":3}},"95":{"start":{"line":331,"column":2},"end":{"line":371,"column":3}},"96":{"start":{"line":332,"column":23},"end":{"line":332,"column":31}},"97":{"start":{"line":334,"column":4},"end":{"line":339,"column":5}},"98":{"start":{"line":335,"column":6},"end":{"line":338,"column":9}},"99":{"start":{"line":341,"column":23},"end":{"line":341,"column":63}},"100":{"start":{"line":343,"column":4},"end":{"line":348,"column":5}},"101":{"start":{"line":344,"column":6},"end":{"line":347,"column":9}},"102":{"start":{"line":350,"column":4},"end":{"line":350,"column":44}},"103":{"start":{"line":351,"column":4},"end":{"line":351,"column":41}},"104":{"start":{"line":352,"column":4},"end":{"line":352,"column":28}},"105":{"start":{"line":355,"column":4},"end":{"line":362,"column":7}},"106":{"start":{"line":364,"column":4},"end":{"line":368,"column":7}},"107":{"start":{"line":370,"column":4},"end":{"line":370,"column":16}},"108":{"start":{"line":379,"column":0},"end":{"line":419,"column":3}},"109":{"start":{"line":380,"column":2},"end":{"line":418,"column":3}},"110":{"start":{"line":381,"column":17},"end":{"line":381,"column":46}},"111":{"start":{"line":382,"column":18},"end":{"line":382,"column":49}},"112":{"start":{"line":383,"column":17},"end":{"line":383,"column":35}},"113":{"start":{"line":385,"column":19},"end":{"line":385,"column":21}},"114":{"start":{"line":387,"column":4},"end":{"line":389,"column":5}},"115":{"start":{"line":388,"column":6},"end":{"line":388,"column":45}},"116":{"start":{"line":391,"column":4},"end":{"line":393,"column":5}},"117":{"start":{"line":392,"column":6},"end":{"line":392,"column":56}},"118":{"start":{"line":395,"column":18},"end":{"line":400,"column":31}},"119":{"start":{"line":402,"column":18},"end":{"line":402,"column":51}},"120":{"start":{"line":404,"column":4},"end":{"line":415,"column":7}},"121":{"start":{"line":417,"column":4},"end":{"line":417,"column":16}},"122":{"start":{"line":424,"column":0},"end":{"line":456,"column":3}},"123":{"start":{"line":425,"column":2},"end":{"line":455,"column":3}},"124":{"start":{"line":426,"column":26},"end":{"line":426,"column":34}},"125":{"start":{"line":428,"column":4},"end":{"line":433,"column":5}},"126":{"start":{"line":429,"column":6},"end":{"line":432,"column":9}},"127":{"start":{"line":435,"column":17},"end":{"line":439,"column":25}},"128":{"start":{"line":441,"column":4},"end":{"line":446,"column":5}},"129":{"start":{"line":442,"column":6},"end":{"line":445,"column":9}},"130":{"start":{"line":448,"column":4},"end":{"line":452,"column":7}},"131":{"start":{"line":454,"column":4},"end":{"line":454,"column":16}},"132":{"start":{"line":461,"column":0},"end":{"line":483,"column":3}},"133":{"start":{"line":462,"column":2},"end":{"line":482,"column":3}},"134":{"start":{"line":463,"column":17},"end":{"line":463,"column":51}},"135":{"start":{"line":465,"column":4},"end":{"line":470,"column":5}},"136":{"start":{"line":466,"column":6},"end":{"line":469,"column":9}},"137":{"start":{"line":472,"column":4},"end":{"line":472,"column":37}},"138":{"start":{"line":473,"column":4},"end":{"line":473,"column":22}},"139":{"start":{"line":475,"column":4},"end":{"line":479,"column":7}},"140":{"start":{"line":481,"column":4},"end":{"line":481,"column":16}},"141":{"start":{"line":485,"column":0},"end":{"line":485,"column":24}}},"fnMap":{"0":{"name":"(anonymous_0)","decl":{"start":{"line":20,"column":21},"end":{"line":20,"column":22}},"loc":{"start":{"line":20,"column":47},"end":{"line":54,"column":1}},"line":20},"1":{"name":"(anonymous_1)","decl":{"start":{"line":61,"column":30},"end":{"line":61,"column":31}},"loc":{"start":{"line":61,"column":56},"end":{"line":75,"column":1}},"line":61},"2":{"name":"(anonymous_2)","decl":{"start":{"line":80,"column":34},"end":{"line":80,"column":35}},"loc":{"start":{"line":80,"column":60},"end":{"line":114,"column":1}},"line":80},"3":{"name":"(anonymous_3)","decl":{"start":{"line":119,"column":33},"end":{"line":119,"column":34}},"loc":{"start":{"line":119,"column":59},"end":{"line":161,"column":1}},"line":119},"4":{"name":"(anonymous_4)","decl":{"start":{"line":168,"column":29},"end":{"line":168,"column":30}},"loc":{"start":{"line":168,"column":55},"end":{"line":181,"column":1}},"line":168},"5":{"name":"(anonymous_5)","decl":{"start":{"line":186,"column":33},"end":{"line":186,"column":34}},"loc":{"start":{"line":186,"column":59},"end":{"line":220,"column":1}},"line":186},"6":{"name":"(anonymous_6)","decl":{"start":{"line":225,"column":32},"end":{"line":225,"column":33}},"loc":{"start":{"line":225,"column":58},"end":{"line":266,"column":1}},"line":225},"7":{"name":"(anonymous_7)","decl":{"start":{"line":273,"column":35},"end":{"line":273,"column":36}},"loc":{"start":{"line":273,"column":61},"end":{"line":286,"column":1}},"line":273},"8":{"name":"(anonymous_8)","decl":{"start":{"line":291,"column":39},"end":{"line":291,"column":40}},"loc":{"start":{"line":291,"column":65},"end":{"line":325,"column":1}},"line":291},"9":{"name":"(anonymous_9)","decl":{"start":{"line":330,"column":38},"end":{"line":330,"column":39}},"loc":{"start":{"line":330,"column":64},"end":{"line":372,"column":1}},"line":330},"10":{"name":"(anonymous_10)","decl":{"start":{"line":379,"column":21},"end":{"line":379,"column":22}},"loc":{"start":{"line":379,"column":47},"end":{"line":419,"column":1}},"line":379},"11":{"name":"(anonymous_11)","decl":{"start":{"line":424,"column":30},"end":{"line":424,"column":31}},"loc":{"start":{"line":424,"column":56},"end":{"line":456,"column":1}},"line":424},"12":{"name":"(anonymous_12)","decl":{"start":{"line":461,"column":29},"end":{"line":461,"column":30}},"loc":{"start":{"line":461,"column":55},"end":{"line":483,"column":1}},"line":461}},"branchMap":{"0":{"loc":{"start":{"line":84,"column":4},"end":{"line":89,"column":5}},"type":"if","locations":[{"start":{"line":84,"column":4},"end":{"line":89,"column":5}},{"start":{},"end":{}}],"line":84},"1":{"loc":{"start":{"line":123,"column":4},"end":{"line":128,"column":5}},"type":"if","locations":[{"start":{"line":123,"column":4},"end":{"line":128,"column":5}},{"start":{},"end":{}}],"line":123},"2":{"loc":{"start":{"line":132,"column":4},"end":{"line":137,"column":5}},"type":"if","locations":[{"start":{"line":132,"column":4},"end":{"line":137,"column":5}},{"start":{},"end":{}}],"line":132},"3":{"loc":{"start":{"line":190,"column":4},"end":{"line":195,"column":5}},"type":"if","locations":[{"start":{"line":190,"column":4},"end":{"line":195,"column":5}},{"start":{},"end":{}}],"line":190},"4":{"loc":{"start":{"line":229,"column":4},"end":{"line":234,"column":5}},"type":"if","locations":[{"start":{"line":229,"column":4},"end":{"line":234,"column":5}},{"start":{},"end":{}}],"line":229},"5":{"loc":{"start":{"line":238,"column":4},"end":{"line":243,"column":5}},"type":"if","locations":[{"start":{"line":238,"column":4},"end":{"line":243,"column":5}},{"start":{},"end":{}}],"line":238},"6":{"loc":{"start":{"line":295,"column":4},"end":{"line":300,"column":5}},"type":"if","locations":[{"start":{"line":295,"column":4},"end":{"line":300,"column":5}},{"start":{},"end":{}}],"line":295},"7":{"loc":{"start":{"line":334,"column":4},"end":{"line":339,"column":5}},"type":"if","locations":[{"start":{"line":334,"column":4},"end":{"line":339,"column":5}},{"start":{},"end":{}}],"line":334},"8":{"loc":{"start":{"line":343,"column":4},"end":{"line":348,"column":5}},"type":"if","locations":[{"start":{"line":343,"column":4},"end":{"line":348,"column":5}},{"start":{},"end":{}}],"line":343},"9":{"loc":{"start":{"line":381,"column":17},"end":{"line":381,"column":46}},"type":"binary-expr","locations":[{"start":{"line":381,"column":17},"end":{"line":381,"column":41}},{"start":{"line":381,"column":45},"end":{"line":381,"column":46}}],"line":381},"10":{"loc":{"start":{"line":382,"column":18},"end":{"line":382,"column":49}},"type":"binary-expr","locations":[{"start":{"line":382,"column":18},"end":{"line":382,"column":43}},{"start":{"line":382,"column":47},"end":{"line":382,"column":49}}],"line":382},"11":{"loc":{"start":{"line":387,"column":4},"end":{"line":389,"column":5}},"type":"if","locations":[{"start":{"line":387,"column":4},"end":{"line":389,"column":5}},{"start":{},"end":{}}],"line":387},"12":{"loc":{"start":{"line":391,"column":4},"end":{"line":393,"column":5}},"type":"if","locations":[{"start":{"line":391,"column":4},"end":{"line":393,"column":5}},{"start":{},"end":{}}],"line":391},"13":{"loc":{"start":{"line":428,"column":4},"end":{"line":433,"column":5}},"type":"if","locations":[{"start":{"line":428,"column":4},"end":{"line":433,"column":5}},{"start":{},"end":{}}],"line":428},"14":{"loc":{"start":{"line":441,"column":4},"end":{"line":446,"column":5}},"type":"if","locations":[{"start":{"line":441,"column":4},"end":{"line":446,"column":5}},{"start":{},"end":{}}],"line":441},"15":{"loc":{"start":{"line":465,"column":4},"end":{"line":470,"column":5}},"type":"if","locations":[{"start":{"line":465,"column":4},"end":{"line":470,"column":5}},{"start":{},"end":{}}],"line":465},"16":{"loc":{"start":{"line":477,"column":15},"end":{"line":477,"column":63}},"type":"cond-expr","locations":[{"start":{"line":477,"column":32},"end":{"line":477,"column":47}},{"start":{"line":477,"column":50},"end":{"line":477,"column":63}}],"line":477}},"s":{"0":1,"1":1,"2":1,"3":1,"4":1,"5":1,"6":1,"7":1,"8":1,"9":1,"10":1,"11":1,"12":1,"13":1,"14":0,"15":1,"16":1,"17":1,"18":1,"19":0,"20":1,"21":2,"22":2,"23":2,"24":1,"25":1,"26":1,"27":1,"28":1,"29":1,"30":1,"31":0,"32":1,"33":2,"34":2,"35":2,"36":1,"37":1,"38":1,"39":0,"40":1,"41":1,"42":1,"43":1,"44":1,"45":0,"46":1,"47":1,"48":1,"49":1,"50":0,"51":1,"52":1,"53":1,"54":1,"55":0,"56":1,"57":1,"58":1,"59":1,"60":1,"61":1,"62":0,"63":1,"64":1,"65":1,"66":1,"67":0,"68":1,"69":1,"70":0,"71":1,"72":1,"73":1,"74":1,"75":1,"76":0,"77":1,"78":0,"79":0,"80":0,"81":0,"82":1,"83":0,"84":0,"85":0,"86":0,"87":0,"88":0,"89":0,"90":0,"91":0,"92":0,"93":0,"94":1,"95":0,"96":0,"97":0,"98":0,"99":0,"100":0,"101":0,"102":0,"103":0,"104":0,"105":0,"106":0,"107":0,"108":1,"109":3,"110":3,"111":3,"112":3,"113":3,"114":3,"115":1,"116":3,"117":1,"118":3,"119":3,"120":3,"121":0,"122":1,"123":3,"124":3,"125":3,"126":1,"127":2,"128":2,"129":1,"130":1,"131":0,"132":1,"133":3,"134":3,"135":3,"136":0,"137":3,"138":3,"139":3,"140":0,"141":1},"f":{"0":1,"1":1,"2":2,"3":2,"4":1,"5":1,"6":1,"7":0,"8":0,"9":0,"10":3,"11":3,"12":3},"b":{"0":[1,1],"1":[1,1],"2":[0,1],"3":[0,1],"4":[0,1],"5":[0,1],"6":[0,0],"7":[0,0],"8":[0,0],"9":[3,3],"10":[3,3],"11":[1,2],"12":[1,2],"13":[1,2],"14":[1,1],"15":[0,3],"16":[1,2]},"_coverageSchema":"1a1c01bbd47fc00a2c39e90264f33305004495a9","hash":"017680b2c81483eab1382967bf32c8d4f4099040"}
,"/Users/soroush911/Documents/Projects/Capstone_Project_2/backend/routes/authRoutes.js": {"path":"/Users/soroush911/Documents/Projects/Capstone_Project_2/backend/routes/authRoutes.js","statementMap":{"0":{"start":{"line":1,"column":16},"end":{"line":1,"column":34}},"1":{"start":{"line":2,"column":12},"end":{"line":2,"column":35}},"2":{"start":{"line":3,"column":13},"end":{"line":3,"column":38}},"3":{"start":{"line":4,"column":20},"end":{"line":4,"column":49}},"4":{"start":{"line":5,"column":48},"end":{"line":5,"column":83}},"5":{"start":{"line":7,"column":15},"end":{"line":7,"column":31}},"6":{"start":{"line":10,"column":22},"end":{"line":14,"column":1}},"7":{"start":{"line":11,"column":2},"end":{"line":13,"column":5}},"8":{"start":{"line":17,"column":22},"end":{"line":22,"column":1}},"9":{"start":{"line":27,"column":0},"end":{"line":101,"column":3}},"10":{"start":{"line":28,"column":2},"end":{"line":100,"column":3}},"11":{"start":{"line":29,"column":91},"end":{"line":29,"column":99}},"12":{"start":{"line":32,"column":25},"end":{"line":32,"column":79}},"13":{"start":{"line":33,"column":4},"end":{"line":39,"column":5}},"14":{"start":{"line":34,"column":20},"end":{"line":34,"column":71}},"15":{"start":{"line":35,"column":6},"end":{"line":38,"column":9}},"16":{"start":{"line":42,"column":4},"end":{"line":47,"column":5}},"17":{"start":{"line":43,"column":6},"end":{"line":46,"column":9}},"18":{"start":{"line":49,"column":22},"end":{"line":49,"column":45}},"19":{"start":{"line":50,"column":18},"end":{"line":50,"column":28}},"20":{"start":{"line":51,"column":16},"end":{"line":51,"column":61}},"21":{"start":{"line":53,"column":4},"end":{"line":58,"column":5}},"22":{"start":{"line":54,"column":6},"end":{"line":57,"column":9}},"23":{"start":{"line":61,"column":17},"end":{"line":69,"column":6}},"24":{"start":{"line":77,"column":18},"end":{"line":77,"column":41}},"25":{"start":{"line":80,"column":4},"end":{"line":80,"column":46}},"26":{"start":{"line":82,"column":4},"end":{"line":97,"column":7}},"27":{"start":{"line":99,"column":4},"end":{"line":99,"column":16}},"28":{"start":{"line":106,"column":0},"end":{"line":168,"column":3}},"29":{"start":{"line":107,"column":2},"end":{"line":167,"column":3}},"30":{"start":{"line":108,"column":32},"end":{"line":108,"column":40}},"31":{"start":{"line":111,"column":17},"end":{"line":111,"column":66}},"32":{"start":{"line":113,"column":4},"end":{"line":118,"column":5}},"33":{"start":{"line":114,"column":6},"end":{"line":117,"column":9}},"34":{"start":{"line":121,"column":20},"end":{"line":121,"column":56}},"35":{"start":{"line":123,"column":4},"end":{"line":128,"column":5}},"36":{"start":{"line":124,"column":6},"end":{"line":127,"column":9}},"37":{"start":{"line":130,"column":4},"end":{"line":135,"column":5}},"38":{"start":{"line":131,"column":6},"end":{"line":134,"column":9}},"39":{"start":{"line":138,"column":4},"end":{"line":138,"column":26}},"40":{"start":{"line":139,"column":4},"end":{"line":139,"column":34}},"41":{"start":{"line":140,"column":4},"end":{"line":140,"column":51}},"42":{"start":{"line":143,"column":18},"end":{"line":143,"column":41}},"43":{"start":{"line":146,"column":4},"end":{"line":146,"column":46}},"44":{"start":{"line":148,"column":4},"end":{"line":164,"column":7}},"45":{"start":{"line":166,"column":4},"end":{"line":166,"column":16}},"46":{"start":{"line":173,"column":0},"end":{"line":193,"column":3}},"47":{"start":{"line":174,"column":2},"end":{"line":182,"column":3}},"48":{"start":{"line":176,"column":4},"end":{"line":179,"column":7}},"49":{"start":{"line":181,"column":4},"end":{"line":181,"column":58}},"50":{"start":{"line":184,"column":2},"end":{"line":187,"column":5}},"51":{"start":{"line":189,"column":2},"end":{"line":192,"column":5}},"52":{"start":{"line":198,"column":0},"end":{"line":215,"column":3}},"53":{"start":{"line":199,"column":2},"end":{"line":214,"column":3}},"54":{"start":{"line":200,"column":17},"end":{"line":200,"column":85}},"55":{"start":{"line":203,"column":4},"end":{"line":206,"column":7}},"56":{"start":{"line":208,"column":4},"end":{"line":211,"column":7}},"57":{"start":{"line":213,"column":4},"end":{"line":213,"column":16}},"58":{"start":{"line":220,"column":0},"end":{"line":231,"column":3}},"59":{"start":{"line":221,"column":2},"end":{"line":230,"column":3}},"60":{"start":{"line":222,"column":4},"end":{"line":225,"column":7}},"61":{"start":{"line":227,"column":4},"end":{"line":227,"column":32}},"62":{"start":{"line":229,"column":4},"end":{"line":229,"column":45}},"63":{"start":{"line":236,"column":0},"end":{"line":256,"column":3}},"64":{"start":{"line":237,"column":2},"end":{"line":255,"column":3}},"65":{"start":{"line":238,"column":22},"end":{"line":238,"column":31}},"66":{"start":{"line":240,"column":4},"end":{"line":245,"column":5}},"67":{"start":{"line":241,"column":6},"end":{"line":244,"column":9}},"68":{"start":{"line":247,"column":19},"end":{"line":247,"column":69}},"69":{"start":{"line":249,"column":4},"end":{"line":252,"column":7}},"70":{"start":{"line":254,"column":4},"end":{"line":254,"column":16}},"71":{"start":{"line":261,"column":0},"end":{"line":281,"column":3}},"72":{"start":{"line":262,"column":2},"end":{"line":280,"column":3}},"73":{"start":{"line":263,"column":25},"end":{"line":263,"column":34}},"74":{"start":{"line":265,"column":4},"end":{"line":270,"column":5}},"75":{"start":{"line":266,"column":6},"end":{"line":269,"column":9}},"76":{"start":{"line":272,"column":19},"end":{"line":272,"column":51}},"77":{"start":{"line":274,"column":4},"end":{"line":277,"column":7}},"78":{"start":{"line":279,"column":4},"end":{"line":279,"column":16}},"79":{"start":{"line":286,"column":0},"end":{"line":325,"column":3}},"80":{"start":{"line":287,"column":2},"end":{"line":324,"column":3}},"81":{"start":{"line":288,"column":45},"end":{"line":288,"column":53}},"82":{"start":{"line":290,"column":4},"end":{"line":295,"column":5}},"83":{"start":{"line":291,"column":6},"end":{"line":294,"column":9}},"84":{"start":{"line":297,"column":4},"end":{"line":302,"column":5}},"85":{"start":{"line":298,"column":6},"end":{"line":301,"column":9}},"86":{"start":{"line":304,"column":17},"end":{"line":304,"column":70}},"87":{"start":{"line":306,"column":20},"end":{"line":306,"column":63}},"88":{"start":{"line":308,"column":4},"end":{"line":313,"column":5}},"89":{"start":{"line":309,"column":6},"end":{"line":312,"column":9}},"90":{"start":{"line":315,"column":4},"end":{"line":315,"column":32}},"91":{"start":{"line":316,"column":4},"end":{"line":316,"column":22}},"92":{"start":{"line":318,"column":4},"end":{"line":321,"column":7}},"93":{"start":{"line":323,"column":4},"end":{"line":323,"column":16}},"94":{"start":{"line":349,"column":15},"end":{"line":349,"column":32}},"95":{"start":{"line":354,"column":0},"end":{"line":394,"column":3}},"96":{"start":{"line":355,"column":2},"end":{"line":393,"column":3}},"97":{"start":{"line":356,"column":17},"end":{"line":356,"column":50}},"98":{"start":{"line":358,"column":4},"end":{"line":363,"column":5}},"99":{"start":{"line":359,"column":6},"end":{"line":362,"column":9}},"100":{"start":{"line":366,"column":30},"end":{"line":366,"column":68}},"101":{"start":{"line":367,"column":24},"end":{"line":367,"column":91}},"102":{"start":{"line":370,"column":4},"end":{"line":370,"column":48}},"103":{"start":{"line":371,"column":4},"end":{"line":371,"column":71}},"104":{"start":{"line":372,"column":4},"end":{"line":372,"column":22}},"105":{"start":{"line":382,"column":4},"end":{"line":390,"column":7}},"106":{"start":{"line":392,"column":4},"end":{"line":392,"column":16}},"107":{"start":{"line":399,"column":0},"end":{"line":427,"column":3}},"108":{"start":{"line":400,"column":2},"end":{"line":426,"column":3}},"109":{"start":{"line":401,"column":24},"end":{"line":401,"column":90}},"110":{"start":{"line":403,"column":17},"end":{"line":406,"column":6}},"111":{"start":{"line":408,"column":4},"end":{"line":413,"column":5}},"112":{"start":{"line":409,"column":6},"end":{"line":412,"column":9}},"113":{"start":{"line":415,"column":4},"end":{"line":415,"column":31}},"114":{"start":{"line":416,"column":4},"end":{"line":416,"column":41}},"115":{"start":{"line":417,"column":4},"end":{"line":417,"column":43}},"116":{"start":{"line":418,"column":4},"end":{"line":418,"column":22}},"117":{"start":{"line":420,"column":4},"end":{"line":423,"column":7}},"118":{"start":{"line":425,"column":4},"end":{"line":425,"column":16}},"119":{"start":{"line":432,"column":0},"end":{"line":481,"column":3}},"120":{"start":{"line":433,"column":2},"end":{"line":480,"column":3}},"121":{"start":{"line":434,"column":22},"end":{"line":434,"column":30}},"122":{"start":{"line":436,"column":4},"end":{"line":441,"column":5}},"123":{"start":{"line":437,"column":6},"end":{"line":440,"column":9}},"124":{"start":{"line":443,"column":17},"end":{"line":443,"column":67}},"125":{"start":{"line":446,"column":4},"end":{"line":451,"column":5}},"126":{"start":{"line":447,"column":6},"end":{"line":450,"column":9}},"127":{"start":{"line":454,"column":23},"end":{"line":454,"column":61}},"128":{"start":{"line":455,"column":24},"end":{"line":455,"column":84}},"129":{"start":{"line":457,"column":4},"end":{"line":457,"column":44}},"130":{"start":{"line":458,"column":4},"end":{"line":458,"column":62}},"131":{"start":{"line":459,"column":4},"end":{"line":459,"column":22}},"132":{"start":{"line":469,"column":4},"end":{"line":477,"column":7}},"133":{"start":{"line":479,"column":4},"end":{"line":479,"column":16}},"134":{"start":{"line":486,"column":0},"end":{"line":523,"column":3}},"135":{"start":{"line":487,"column":2},"end":{"line":522,"column":3}},"136":{"start":{"line":488,"column":25},"end":{"line":488,"column":33}},"137":{"start":{"line":490,"column":4},"end":{"line":495,"column":5}},"138":{"start":{"line":491,"column":6},"end":{"line":494,"column":9}},"139":{"start":{"line":497,"column":24},"end":{"line":497,"column":90}},"140":{"start":{"line":499,"column":17},"end":{"line":502,"column":6}},"141":{"start":{"line":504,"column":4},"end":{"line":509,"column":5}},"142":{"start":{"line":505,"column":6},"end":{"line":508,"column":9}},"143":{"start":{"line":511,"column":4},"end":{"line":511,"column":29}},"144":{"start":{"line":512,"column":4},"end":{"line":512,"column":37}},"145":{"start":{"line":513,"column":4},"end":{"line":513,"column":39}},"146":{"start":{"line":514,"column":4},"end":{"line":514,"column":22}},"147":{"start":{"line":516,"column":4},"end":{"line":519,"column":7}},"148":{"start":{"line":521,"column":4},"end":{"line":521,"column":16}},"149":{"start":{"line":525,"column":0},"end":{"line":525,"column":24}}},"fnMap":{"0":{"name":"(anonymous_0)","decl":{"start":{"line":10,"column":22},"end":{"line":10,"column":23}},"loc":{"start":{"line":10,"column":30},"end":{"line":14,"column":1}},"line":10},"1":{"name":"(anonymous_1)","decl":{"start":{"line":27,"column":45},"end":{"line":27,"column":46}},"loc":{"start":{"line":27,"column":71},"end":{"line":101,"column":1}},"line":27},"2":{"name":"(anonymous_2)","decl":{"start":{"line":106,"column":39},"end":{"line":106,"column":40}},"loc":{"start":{"line":106,"column":65},"end":{"line":168,"column":1}},"line":106},"3":{"name":"(anonymous_3)","decl":{"start":{"line":173,"column":32},"end":{"line":173,"column":33}},"loc":{"start":{"line":173,"column":52},"end":{"line":193,"column":1}},"line":173},"4":{"name":"(anonymous_4)","decl":{"start":{"line":198,"column":27},"end":{"line":198,"column":28}},"loc":{"start":{"line":198,"column":53},"end":{"line":215,"column":1}},"line":198},"5":{"name":"(anonymous_5)","decl":{"start":{"line":220,"column":35},"end":{"line":220,"column":36}},"loc":{"start":{"line":220,"column":55},"end":{"line":231,"column":1}},"line":220},"6":{"name":"(anonymous_6)","decl":{"start":{"line":236,"column":27},"end":{"line":236,"column":28}},"loc":{"start":{"line":236,"column":53},"end":{"line":256,"column":1}},"line":236},"7":{"name":"(anonymous_7)","decl":{"start":{"line":261,"column":30},"end":{"line":261,"column":31}},"loc":{"start":{"line":261,"column":56},"end":{"line":281,"column":1}},"line":261},"8":{"name":"(anonymous_8)","decl":{"start":{"line":286,"column":40},"end":{"line":286,"column":41}},"loc":{"start":{"line":286,"column":66},"end":{"line":325,"column":1}},"line":286},"9":{"name":"(anonymous_9)","decl":{"start":{"line":354,"column":43},"end":{"line":354,"column":44}},"loc":{"start":{"line":354,"column":69},"end":{"line":394,"column":1}},"line":354},"10":{"name":"(anonymous_10)","decl":{"start":{"line":399,"column":35},"end":{"line":399,"column":36}},"loc":{"start":{"line":399,"column":61},"end":{"line":427,"column":1}},"line":399},"11":{"name":"(anonymous_11)","decl":{"start":{"line":432,"column":32},"end":{"line":432,"column":33}},"loc":{"start":{"line":432,"column":58},"end":{"line":481,"column":1}},"line":432},"12":{"name":"(anonymous_12)","decl":{"start":{"line":486,"column":38},"end":{"line":486,"column":39}},"loc":{"start":{"line":486,"column":64},"end":{"line":523,"column":1}},"line":486}},"branchMap":{"0":{"loc":{"start":{"line":12,"column":15},"end":{"line":12,"column":49}},"type":"binary-expr","locations":[{"start":{"line":12,"column":15},"end":{"line":12,"column":41}},{"start":{"line":12,"column":45},"end":{"line":12,"column":49}}],"line":12},"1":{"loc":{"start":{"line":20,"column":12},"end":{"line":20,"column":68}},"type":"cond-expr","locations":[{"start":{"line":20,"column":52},"end":{"line":20,"column":60}},{"start":{"line":20,"column":63},"end":{"line":20,"column":68}}],"line":20},"2":{"loc":{"start":{"line":33,"column":4},"end":{"line":39,"column":5}},"type":"if","locations":[{"start":{"line":33,"column":4},"end":{"line":39,"column":5}},{"start":{},"end":{}}],"line":33},"3":{"loc":{"start":{"line":34,"column":20},"end":{"line":34,"column":71}},"type":"cond-expr","locations":[{"start":{"line":34,"column":51},"end":{"line":34,"column":58}},{"start":{"line":34,"column":61},"end":{"line":34,"column":71}}],"line":34},"4":{"loc":{"start":{"line":42,"column":4},"end":{"line":47,"column":5}},"type":"if","locations":[{"start":{"line":42,"column":4},"end":{"line":47,"column":5}},{"start":{},"end":{}}],"line":42},"5":{"loc":{"start":{"line":53,"column":4},"end":{"line":58,"column":5}},"type":"if","locations":[{"start":{"line":53,"column":4},"end":{"line":58,"column":5}},{"start":{},"end":{}}],"line":53},"6":{"loc":{"start":{"line":53,"column":8},"end":{"line":53,"column":28}},"type":"binary-expr","locations":[{"start":{"line":53,"column":8},"end":{"line":53,"column":15}},{"start":{"line":53,"column":19},"end":{"line":53,"column":28}}],"line":53},"7":{"loc":{"start":{"line":68,"column":17},"end":{"line":68,"column":38}},"type":"binary-expr","locations":[{"start":{"line":68,"column":17},"end":{"line":68,"column":26}},{"start":{"line":68,"column":30},"end":{"line":68,"column":38}}],"line":68},"8":{"loc":{"start":{"line":113,"column":4},"end":{"line":118,"column":5}},"type":"if","locations":[{"start":{"line":113,"column":4},"end":{"line":118,"column":5}},{"start":{},"end":{}}],"line":113},"9":{"loc":{"start":{"line":123,"column":4},"end":{"line":128,"column":5}},"type":"if","locations":[{"start":{"line":123,"column":4},"end":{"line":128,"column":5}},{"start":{},"end":{}}],"line":123},"10":{"loc":{"start":{"line":130,"column":4},"end":{"line":135,"column":5}},"type":"if","locations":[{"start":{"line":130,"column":4},"end":{"line":135,"column":5}},{"start":{},"end":{}}],"line":130},"11":{"loc":{"start":{"line":240,"column":4},"end":{"line":245,"column":5}},"type":"if","locations":[{"start":{"line":240,"column":4},"end":{"line":245,"column":5}},{"start":{},"end":{}}],"line":240},"12":{"loc":{"start":{"line":265,"column":4},"end":{"line":270,"column":5}},"type":"if","locations":[{"start":{"line":265,"column":4},"end":{"line":270,"column":5}},{"start":{},"end":{}}],"line":265},"13":{"loc":{"start":{"line":290,"column":4},"end":{"line":295,"column":5}},"type":"if","locations":[{"start":{"line":290,"column":4},"end":{"line":295,"column":5}},{"start":{},"end":{}}],"line":290},"14":{"loc":{"start":{"line":290,"column":8},"end":{"line":290,"column":40}},"type":"binary-expr","locations":[{"start":{"line":290,"column":8},"end":{"line":290,"column":24}},{"start":{"line":290,"column":28},"end":{"line":290,"column":40}}],"line":290},"15":{"loc":{"start":{"line":297,"column":4},"end":{"line":302,"column":5}},"type":"if","locations":[{"start":{"line":297,"column":4},"end":{"line":302,"column":5}},{"start":{},"end":{}}],"line":297},"16":{"loc":{"start":{"line":308,"column":4},"end":{"line":313,"column":5}},"type":"if","locations":[{"start":{"line":308,"column":4},"end":{"line":313,"column":5}},{"start":{},"end":{}}],"line":308},"17":{"loc":{"start":{"line":358,"column":4},"end":{"line":363,"column":5}},"type":"if","locations":[{"start":{"line":358,"column":4},"end":{"line":363,"column":5}},{"start":{},"end":{}}],"line":358},"18":{"loc":{"start":{"line":408,"column":4},"end":{"line":413,"column":5}},"type":"if","locations":[{"start":{"line":408,"column":4},"end":{"line":413,"column":5}},{"start":{},"end":{}}],"line":408},"19":{"loc":{"start":{"line":436,"column":4},"end":{"line":441,"column":5}},"type":"if","locations":[{"start":{"line":436,"column":4},"end":{"line":441,"column":5}},{"start":{},"end":{}}],"line":436},"20":{"loc":{"start":{"line":446,"column":4},"end":{"line":451,"column":5}},"type":"if","locations":[{"start":{"line":446,"column":4},"end":{"line":451,"column":5}},{"start":{},"end":{}}],"line":446},"21":{"loc":{"start":{"line":490,"column":4},"end":{"line":495,"column":5}},"type":"if","locations":[{"start":{"line":490,"column":4},"end":{"line":495,"column":5}},{"start":{},"end":{}}],"line":490},"22":{"loc":{"start":{"line":490,"column":8},"end":{"line":490,"column":40}},"type":"binary-expr","locations":[{"start":{"line":490,"column":8},"end":{"line":490,"column":17}},{"start":{"line":490,"column":21},"end":{"line":490,"column":40}}],"line":490},"23":{"loc":{"start":{"line":504,"column":4},"end":{"line":509,"column":5}},"type":"if","locations":[{"start":{"line":504,"column":4},"end":{"line":509,"column":5}},{"start":{},"end":{}}],"line":504}},"s":{"0":1,"1":1,"2":1,"3":1,"4":1,"5":1,"6":1,"7":65,"8":1,"9":1,"10":46,"11":46,"12":46,"13":46,"14":0,"15":0,"16":46,"17":0,"18":46,"19":46,"20":46,"21":46,"22":0,"23":46,"24":46,"25":46,"26":46,"27":0,"28":1,"29":19,"30":19,"31":19,"32":19,"33":0,"34":19,"35":19,"36":0,"37":19,"38":0,"39":19,"40":19,"41":19,"42":19,"43":19,"44":19,"45":0,"46":1,"47":0,"48":0,"49":0,"50":0,"51":0,"52":1,"53":0,"54":0,"55":0,"56":0,"57":0,"58":1,"59":0,"60":0,"61":0,"62":0,"63":1,"64":0,"65":0,"66":0,"67":0,"68":0,"69":0,"70":0,"71":1,"72":0,"73":0,"74":0,"75":0,"76":0,"77":0,"78":0,"79":1,"80":0,"81":0,"82":0,"83":0,"84":0,"85":0,"86":0,"87":0,"88":0,"89":0,"90":0,"91":0,"92":0,"93":0,"94":1,"95":1,"96":0,"97":0,"98":0,"99":0,"100":0,"101":0,"102":0,"103":0,"104":0,"105":0,"106":0,"107":1,"108":0,"109":0,"110":0,"111":0,"112":0,"113":0,"114":0,"115":0,"116":0,"117":0,"118":0,"119":1,"120":0,"121":0,"122":0,"123":0,"124":0,"125":0,"126":0,"127":0,"128":0,"129":0,"130":0,"131":0,"132":0,"133":0,"134":1,"135":0,"136":0,"137":0,"138":0,"139":0,"140":0,"141":0,"142":0,"143":0,"144":0,"145":0,"146":0,"147":0,"148":0,"149":1},"f":{"0":65,"1":46,"2":19,"3":0,"4":0,"5":0,"6":0,"7":0,"8":0,"9":0,"10":0,"11":0,"12":0},"b":{"0":[65,0],"1":[0,1],"2":[0,46],"3":[0,0],"4":[0,46],"5":[0,46],"6":[46,46],"7":[46,0],"8":[0,19],"9":[0,19],"10":[0,19],"11":[0,0],"12":[0,0],"13":[0,0],"14":[0,0],"15":[0,0],"16":[0,0],"17":[0,0],"18":[0,0],"19":[0,0],"20":[0,0],"21":[0,0],"22":[0,0],"23":[0,0]},"_coverageSchema":"1a1c01bbd47fc00a2c39e90264f33305004495a9","hash":"a7eb0a76a3afc72b86d57f60f33da212b9de08b8"}
,"/Users/soroush911/Documents/Projects/Capstone_Project_2/backend/routes/bookingRoutes.js": {"path":"/Users/soroush911/Documents/Projects/Capstone_Project_2/backend/routes/bookingRoutes.js","statementMap":{"0":{"start":{"line":1,"column":16},"end":{"line":1,"column":34}},"1":{"start":{"line":2,"column":16},"end":{"line":2,"column":44}},"2":{"start":{"line":3,"column":14},"end":{"line":3,"column":40}},"3":{"start":{"line":4,"column":20},"end":{"line":4,"column":49}},"4":{"start":{"line":5,"column":71},"end":{"line":5,"column":106}},"5":{"start":{"line":7,"column":15},"end":{"line":7,"column":31}},"6":{"start":{"line":12,"column":0},"end":{"line":54,"column":3}},"7":{"start":{"line":13,"column":2},"end":{"line":53,"column":3}},"8":{"start":{"line":14,"column":17},"end":{"line":14,"column":46}},"9":{"start":{"line":15,"column":18},"end":{"line":15,"column":49}},"10":{"start":{"line":16,"column":17},"end":{"line":16,"column":35}},"11":{"start":{"line":19,"column":19},"end":{"line":19,"column":41}},"12":{"start":{"line":21,"column":4},"end":{"line":23,"column":5}},"13":{"start":{"line":22,"column":6},"end":{"line":22,"column":39}},"14":{"start":{"line":25,"column":4},"end":{"line":28,"column":5}},"15":{"start":{"line":26,"column":6},"end":{"line":26,"column":41}},"16":{"start":{"line":27,"column":6},"end":{"line":27,"column":56}},"17":{"start":{"line":30,"column":21},"end":{"line":35,"column":25}},"18":{"start":{"line":37,"column":18},"end":{"line":37,"column":54}},"19":{"start":{"line":39,"column":4},"end":{"line":50,"column":7}},"20":{"start":{"line":52,"column":4},"end":{"line":52,"column":16}},"21":{"start":{"line":59,"column":0},"end":{"line":88,"column":3}},"22":{"start":{"line":60,"column":2},"end":{"line":87,"column":3}},"23":{"start":{"line":61,"column":20},"end":{"line":64,"column":41}},"24":{"start":{"line":66,"column":4},"end":{"line":71,"column":5}},"25":{"start":{"line":67,"column":6},"end":{"line":70,"column":9}},"26":{"start":{"line":74,"column":4},"end":{"line":79,"column":5}},"27":{"start":{"line":75,"column":6},"end":{"line":78,"column":9}},"28":{"start":{"line":81,"column":4},"end":{"line":84,"column":7}},"29":{"start":{"line":86,"column":4},"end":{"line":86,"column":16}},"30":{"start":{"line":93,"column":0},"end":{"line":167,"column":3}},"31":{"start":{"line":94,"column":2},"end":{"line":166,"column":3}},"32":{"start":{"line":95,"column":63},"end":{"line":95,"column":71}},"33":{"start":{"line":98,"column":21},"end":{"line":98,"column":48}},"34":{"start":{"line":99,"column":4},"end":{"line":104,"column":5}},"35":{"start":{"line":100,"column":6},"end":{"line":103,"column":9}},"36":{"start":{"line":107,"column":23},"end":{"line":107,"column":37}},"37":{"start":{"line":108,"column":4},"end":{"line":108,"column":36}},"38":{"start":{"line":109,"column":21},"end":{"line":109,"column":35}},"39":{"start":{"line":110,"column":4},"end":{"line":110,"column":39}},"40":{"start":{"line":112,"column":31},"end":{"line":119,"column":6}},"41":{"start":{"line":121,"column":4},"end":{"line":126,"column":5}},"42":{"start":{"line":122,"column":6},"end":{"line":125,"column":9}},"43":{"start":{"line":129,"column":22},"end":{"line":129,"column":98}},"44":{"start":{"line":130,"column":20},"end":{"line":130,"column":92}},"45":{"start":{"line":131,"column":27},"end":{"line":131,"column":46}},"46":{"start":{"line":133,"column":4},"end":{"line":138,"column":5}},"47":{"start":{"line":134,"column":6},"end":{"line":137,"column":9}},"48":{"start":{"line":140,"column":24},"end":{"line":140,"column":61}},"49":{"start":{"line":142,"column":20},"end":{"line":153,"column":6}},"50":{"start":{"line":155,"column":29},"end":{"line":157,"column":41}},"51":{"start":{"line":159,"column":4},"end":{"line":163,"column":7}},"52":{"start":{"line":165,"column":4},"end":{"line":165,"column":16}},"53":{"start":{"line":172,"column":0},"end":{"line":223,"column":3}},"54":{"start":{"line":173,"column":2},"end":{"line":222,"column":3}},"55":{"start":{"line":174,"column":18},"end":{"line":174,"column":55}},"56":{"start":{"line":176,"column":4},"end":{"line":181,"column":5}},"57":{"start":{"line":177,"column":6},"end":{"line":180,"column":9}},"58":{"start":{"line":184,"column":4},"end":{"line":189,"column":5}},"59":{"start":{"line":185,"column":6},"end":{"line":188,"column":9}},"60":{"start":{"line":192,"column":4},"end":{"line":197,"column":5}},"61":{"start":{"line":193,"column":6},"end":{"line":196,"column":9}},"62":{"start":{"line":199,"column":26},"end":{"line":199,"column":43}},"63":{"start":{"line":200,"column":20},"end":{"line":200,"column":22}},"64":{"start":{"line":201,"column":4},"end":{"line":205,"column":7}},"65":{"start":{"line":202,"column":6},"end":{"line":204,"column":7}},"66":{"start":{"line":203,"column":8},"end":{"line":203,"column":41}},"67":{"start":{"line":207,"column":4},"end":{"line":213,"column":42}},"68":{"start":{"line":215,"column":4},"end":{"line":219,"column":7}},"69":{"start":{"line":221,"column":4},"end":{"line":221,"column":16}},"70":{"start":{"line":228,"column":0},"end":{"line":256,"column":3}},"71":{"start":{"line":229,"column":2},"end":{"line":255,"column":3}},"72":{"start":{"line":230,"column":20},"end":{"line":230,"column":57}},"73":{"start":{"line":232,"column":4},"end":{"line":237,"column":5}},"74":{"start":{"line":233,"column":6},"end":{"line":236,"column":9}},"75":{"start":{"line":239,"column":4},"end":{"line":244,"column":5}},"76":{"start":{"line":240,"column":6},"end":{"line":243,"column":9}},"77":{"start":{"line":246,"column":4},"end":{"line":246,"column":33}},"78":{"start":{"line":247,"column":4},"end":{"line":247,"column":25}},"79":{"start":{"line":249,"column":4},"end":{"line":252,"column":7}},"80":{"start":{"line":254,"column":4},"end":{"line":254,"column":16}},"81":{"start":{"line":261,"column":0},"end":{"line":299,"column":3}},"82":{"start":{"line":262,"column":2},"end":{"line":298,"column":3}},"83":{"start":{"line":263,"column":20},"end":{"line":263,"column":57}},"84":{"start":{"line":265,"column":4},"end":{"line":270,"column":5}},"85":{"start":{"line":266,"column":6},"end":{"line":269,"column":9}},"86":{"start":{"line":273,"column":4},"end":{"line":278,"column":5}},"87":{"start":{"line":274,"column":6},"end":{"line":277,"column":9}},"88":{"start":{"line":280,"column":4},"end":{"line":285,"column":5}},"89":{"start":{"line":281,"column":6},"end":{"line":284,"column":9}},"90":{"start":{"line":287,"column":4},"end":{"line":287,"column":33}},"91":{"start":{"line":288,"column":4},"end":{"line":288,"column":56}},"92":{"start":{"line":289,"column":4},"end":{"line":289,"column":38}},"93":{"start":{"line":290,"column":4},"end":{"line":290,"column":25}},"94":{"start":{"line":292,"column":4},"end":{"line":295,"column":7}},"95":{"start":{"line":297,"column":4},"end":{"line":297,"column":16}},"96":{"start":{"line":304,"column":0},"end":{"line":340,"column":3}},"97":{"start":{"line":305,"column":2},"end":{"line":339,"column":3}},"98":{"start":{"line":306,"column":20},"end":{"line":306,"column":57}},"99":{"start":{"line":308,"column":4},"end":{"line":313,"column":5}},"100":{"start":{"line":309,"column":6},"end":{"line":312,"column":9}},"101":{"start":{"line":316,"column":4},"end":{"line":321,"column":5}},"102":{"start":{"line":317,"column":6},"end":{"line":320,"column":9}},"103":{"start":{"line":324,"column":4},"end":{"line":329,"column":5}},"104":{"start":{"line":325,"column":6},"end":{"line":328,"column":9}},"105":{"start":{"line":331,"column":4},"end":{"line":331,"column":51}},"106":{"start":{"line":333,"column":4},"end":{"line":336,"column":7}},"107":{"start":{"line":338,"column":4},"end":{"line":338,"column":16}},"108":{"start":{"line":342,"column":0},"end":{"line":342,"column":24}}},"fnMap":{"0":{"name":"(anonymous_0)","decl":{"start":{"line":12,"column":47},"end":{"line":12,"column":48}},"loc":{"start":{"line":12,"column":73},"end":{"line":54,"column":1}},"line":12},"1":{"name":"(anonymous_1)","decl":{"start":{"line":59,"column":47},"end":{"line":59,"column":48}},"loc":{"start":{"line":59,"column":73},"end":{"line":88,"column":1}},"line":59},"2":{"name":"(anonymous_2)","decl":{"start":{"line":93,"column":45},"end":{"line":93,"column":46}},"loc":{"start":{"line":93,"column":71},"end":{"line":167,"column":1}},"line":93},"3":{"name":"(anonymous_3)","decl":{"start":{"line":172,"column":47},"end":{"line":172,"column":48}},"loc":{"start":{"line":172,"column":73},"end":{"line":223,"column":1}},"line":172},"4":{"name":"(anonymous_4)","decl":{"start":{"line":201,"column":26},"end":{"line":201,"column":27}},"loc":{"start":{"line":201,"column":35},"end":{"line":205,"column":5}},"line":201},"5":{"name":"(anonymous_5)","decl":{"start":{"line":228,"column":55},"end":{"line":228,"column":56}},"loc":{"start":{"line":228,"column":81},"end":{"line":256,"column":1}},"line":228},"6":{"name":"(anonymous_6)","decl":{"start":{"line":261,"column":54},"end":{"line":261,"column":55}},"loc":{"start":{"line":261,"column":80},"end":{"line":299,"column":1}},"line":261},"7":{"name":"(anonymous_7)","decl":{"start":{"line":304,"column":50},"end":{"line":304,"column":51}},"loc":{"start":{"line":304,"column":76},"end":{"line":340,"column":1}},"line":304}},"branchMap":{"0":{"loc":{"start":{"line":14,"column":17},"end":{"line":14,"column":46}},"type":"binary-expr","locations":[{"start":{"line":14,"column":17},"end":{"line":14,"column":41}},{"start":{"line":14,"column":45},"end":{"line":14,"column":46}}],"line":14},"1":{"loc":{"start":{"line":15,"column":18},"end":{"line":15,"column":49}},"type":"binary-expr","locations":[{"start":{"line":15,"column":18},"end":{"line":15,"column":43}},{"start":{"line":15,"column":47},"end":{"line":15,"column":49}}],"line":15},"2":{"loc":{"start":{"line":21,"column":4},"end":{"line":23,"column":5}},"type":"if","locations":[{"start":{"line":21,"column":4},"end":{"line":23,"column":5}},{"start":{},"end":{}}],"line":21},"3":{"loc":{"start":{"line":25,"column":4},"end":{"line":28,"column":5}},"type":"if","locations":[{"start":{"line":25,"column":4},"end":{"line":28,"column":5}},{"start":{},"end":{}}],"line":25},"4":{"loc":{"start":{"line":66,"column":4},"end":{"line":71,"column":5}},"type":"if","locations":[{"start":{"line":66,"column":4},"end":{"line":71,"column":5}},{"start":{},"end":{}}],"line":66},"5":{"loc":{"start":{"line":74,"column":4},"end":{"line":79,"column":5}},"type":"if","locations":[{"start":{"line":74,"column":4},"end":{"line":79,"column":5}},{"start":{},"end":{}}],"line":74},"6":{"loc":{"start":{"line":74,"column":8},"end":{"line":74,"column":97}},"type":"binary-expr","locations":[{"start":{"line":74,"column":8},"end":{"line":74,"column":63}},{"start":{"line":74,"column":67},"end":{"line":74,"column":97}}],"line":74},"7":{"loc":{"start":{"line":99,"column":4},"end":{"line":104,"column":5}},"type":"if","locations":[{"start":{"line":99,"column":4},"end":{"line":104,"column":5}},{"start":{},"end":{}}],"line":99},"8":{"loc":{"start":{"line":99,"column":8},"end":{"line":99,"column":40}},"type":"binary-expr","locations":[{"start":{"line":99,"column":8},"end":{"line":99,"column":17}},{"start":{"line":99,"column":21},"end":{"line":99,"column":40}}],"line":99},"9":{"loc":{"start":{"line":121,"column":4},"end":{"line":126,"column":5}},"type":"if","locations":[{"start":{"line":121,"column":4},"end":{"line":126,"column":5}},{"start":{},"end":{}}],"line":121},"10":{"loc":{"start":{"line":133,"column":4},"end":{"line":138,"column":5}},"type":"if","locations":[{"start":{"line":133,"column":4},"end":{"line":138,"column":5}},{"start":{},"end":{}}],"line":133},"11":{"loc":{"start":{"line":145,"column":12},"end":{"line":145,"column":24}},"type":"binary-expr","locations":[{"start":{"line":145,"column":12},"end":{"line":145,"column":16}},{"start":{"line":145,"column":20},"end":{"line":145,"column":24}}],"line":145},"12":{"loc":{"start":{"line":176,"column":4},"end":{"line":181,"column":5}},"type":"if","locations":[{"start":{"line":176,"column":4},"end":{"line":181,"column":5}},{"start":{},"end":{}}],"line":176},"13":{"loc":{"start":{"line":184,"column":4},"end":{"line":189,"column":5}},"type":"if","locations":[{"start":{"line":184,"column":4},"end":{"line":189,"column":5}},{"start":{},"end":{}}],"line":184},"14":{"loc":{"start":{"line":184,"column":8},"end":{"line":184,"column":93}},"type":"binary-expr","locations":[{"start":{"line":184,"column":8},"end":{"line":184,"column":59}},{"start":{"line":184,"column":63},"end":{"line":184,"column":93}}],"line":184},"15":{"loc":{"start":{"line":192,"column":4},"end":{"line":197,"column":5}},"type":"if","locations":[{"start":{"line":192,"column":4},"end":{"line":197,"column":5}},{"start":{},"end":{}}],"line":192},"16":{"loc":{"start":{"line":202,"column":6},"end":{"line":204,"column":7}},"type":"if","locations":[{"start":{"line":202,"column":6},"end":{"line":204,"column":7}},{"start":{},"end":{}}],"line":202},"17":{"loc":{"start":{"line":232,"column":4},"end":{"line":237,"column":5}},"type":"if","locations":[{"start":{"line":232,"column":4},"end":{"line":237,"column":5}},{"start":{},"end":{}}],"line":232},"18":{"loc":{"start":{"line":239,"column":4},"end":{"line":244,"column":5}},"type":"if","locations":[{"start":{"line":239,"column":4},"end":{"line":244,"column":5}},{"start":{},"end":{}}],"line":239},"19":{"loc":{"start":{"line":265,"column":4},"end":{"line":270,"column":5}},"type":"if","locations":[{"start":{"line":265,"column":4},"end":{"line":270,"column":5}},{"start":{},"end":{}}],"line":265},"20":{"loc":{"start":{"line":273,"column":4},"end":{"line":278,"column":5}},"type":"if","locations":[{"start":{"line":273,"column":4},"end":{"line":278,"column":5}},{"start":{},"end":{}}],"line":273},"21":{"loc":{"start":{"line":273,"column":8},"end":{"line":273,"column":93}},"type":"binary-expr","locations":[{"start":{"line":273,"column":8},"end":{"line":273,"column":59}},{"start":{"line":273,"column":63},"end":{"line":273,"column":93}}],"line":273},"22":{"loc":{"start":{"line":280,"column":4},"end":{"line":285,"column":5}},"type":"if","locations":[{"start":{"line":280,"column":4},"end":{"line":285,"column":5}},{"start":{},"end":{}}],"line":280},"23":{"loc":{"start":{"line":288,"column":34},"end":{"line":288,"column":55}},"type":"binary-expr","locations":[{"start":{"line":288,"column":34},"end":{"line":288,"column":49}},{"start":{"line":288,"column":53},"end":{"line":288,"column":55}}],"line":288},"24":{"loc":{"start":{"line":308,"column":4},"end":{"line":313,"column":5}},"type":"if","locations":[{"start":{"line":308,"column":4},"end":{"line":313,"column":5}},{"start":{},"end":{}}],"line":308},"25":{"loc":{"start":{"line":316,"column":4},"end":{"line":321,"column":5}},"type":"if","locations":[{"start":{"line":316,"column":4},"end":{"line":321,"column":5}},{"start":{},"end":{}}],"line":316},"26":{"loc":{"start":{"line":316,"column":8},"end":{"line":316,"column":93}},"type":"binary-expr","locations":[{"start":{"line":316,"column":8},"end":{"line":316,"column":59}},{"start":{"line":316,"column":63},"end":{"line":316,"column":93}}],"line":316},"27":{"loc":{"start":{"line":324,"column":4},"end":{"line":329,"column":5}},"type":"if","locations":[{"start":{"line":324,"column":4},"end":{"line":329,"column":5}},{"start":{},"end":{}}],"line":324}},"s":{"0":1,"1":1,"2":1,"3":1,"4":1,"5":1,"6":1,"7":0,"8":0,"9":0,"10":0,"11":0,"12":0,"13":0,"14":0,"15":0,"16":0,"17":0,"18":0,"19":0,"20":0,"21":1,"22":0,"23":0,"24":0,"25":0,"26":0,"27":0,"28":0,"29":0,"30":1,"31":0,"32":0,"33":0,"34":0,"35":0,"36":0,"37":0,"38":0,"39":0,"40":0,"41":0,"42":0,"43":0,"44":0,"45":0,"46":0,"47":0,"48":0,"49":0,"50":0,"51":0,"52":0,"53":1,"54":0,"55":0,"56":0,"57":0,"58":0,"59":0,"60":0,"61":0,"62":0,"63":0,"64":0,"65":0,"66":0,"67":0,"68":0,"69":0,"70":1,"71":0,"72":0,"73":0,"74":0,"75":0,"76":0,"77":0,"78":0,"79":0,"80":0,"81":1,"82":0,"83":0,"84":0,"85":0,"86":0,"87":0,"88":0,"89":0,"90":0,"91":0,"92":0,"93":0,"94":0,"95":0,"96":1,"97":0,"98":0,"99":0,"100":0,"101":0,"102":0,"103":0,"104":0,"105":0,"106":0,"107":0,"108":1},"f":{"0":0,"1":0,"2":0,"3":0,"4":0,"5":0,"6":0,"7":0},"b":{"0":[0,0],"1":[0,0],"2":[0,0],"3":[0,0],"4":[0,0],"5":[0,0],"6":[0,0],"7":[0,0],"8":[0,0],"9":[0,0],"10":[0,0],"11":[0,0],"12":[0,0],"13":[0,0],"14":[0,0],"15":[0,0],"16":[0,0],"17":[0,0],"18":[0,0],"19":[0,0],"20":[0,0],"
[...]
"line":84,"column":5}},"30":{"start":{"line":86,"column":4},"end":{"line":86,"column":45}},"31":{"start":{"line":86,"column":18},"end":{"line":86,"column":45}},"32":{"start":{"line":88,"column":18},"end":{"line":91,"column":16}},"33":{"start":{"line":93,"column":4},"end":{"line":96,"column":7}},"34":{"start":{"line":98,"column":4},"end":{"line":98,"column":16}},"35":{"start":{"line":105,"column":0},"end":{"line":124,"column":3}},"36":{"start":{"line":106,"column":2},"end":{"line":123,"column":3}},"37":{"start":{"line":107,"column":17},"end":{"line":108,"column":53}},"38":{"start":{"line":110,"column":4},"end":{"line":115,"column":5}},"39":{"start":{"line":111,"column":6},"end":{"line":114,"column":9}},"40":{"start":{"line":117,"column":4},"end":{"line":120,"column":7}},"41":{"start":{"line":122,"column":4},"end":{"line":122,"column":16}},"42":{"start":{"line":129,"column":0},"end":{"line":173,"column":3}},"43":{"start":{"line":130,"column":2},"end":{"line":172,"column":3}},"44":{"start":{"line":132,"column":4},"end":{"line":137,"column":5}},"45":{"start":{"line":133,"column":6},"end":{"line":136,"column":9}},"46":{"start":{"line":140,"column":26},"end":{"line":143,"column":5}},"47":{"start":{"line":145,"column":20},"end":{"line":145,"column":22}},"48":{"start":{"line":146,"column":4},"end":{"line":150,"column":7}},"49":{"start":{"line":147,"column":6},"end":{"line":149,"column":7}},"50":{"start":{"line":148,"column":8},"end":{"line":148,"column":41}},"51":{"start":{"line":152,"column":17},"end":{"line":156,"column":40}},"52":{"start":{"line":158,"column":4},"end":{"line":163,"column":5}},"53":{"start":{"line":159,"column":6},"end":{"line":162,"column":9}},"54":{"start":{"line":165,"column":4},"end":{"line":169,"column":7}},"55":{"start":{"line":171,"column":4},"end":{"line":171,"column":16}},"56":{"start":{"line":178,"column":0},"end":{"line":216,"column":3}},"57":{"start":{"line":179,"column":2},"end":{"line":215,"column":3}},"58":{"start":{"line":180,"column":4},"end":{"line":185,"column":5}},"59":{"start":{"line":181,"column":6},"end":{"line":184,"column":9}},"60":{"start":{"line":187,"column":59},"end":{"line":187,"column":67}},"61":{"start":{"line":189,"column":20},"end":{"line":189,"column":22}},"62":{"start":{"line":190,"column":4},"end":{"line":190,"column":81}},"63":{"start":{"line":190,"column":36},"end":{"line":190,"column":81}},"64":{"start":{"line":191,"column":4},"end":{"line":191,"column":60}},"65":{"start":{"line":191,"column":29},"end":{"line":191,"column":60}},"66":{"start":{"line":192,"column":4},"end":{"line":192,"column":66}},"67":{"start":{"line":192,"column":31},"end":{"line":192,"column":66}},"68":{"start":{"line":193,"column":4},"end":{"line":193,"column":81}},"69":{"start":{"line":193,"column":36},"end":{"line":193,"column":81}},"70":{"start":{"line":195,"column":17},"end":{"line":199,"column":5}},"71":{"start":{"line":201,"column":4},"end":{"line":206,"column":5}},"72":{"start":{"line":202,"column":6},"end":{"line":205,"column":9}},"73":{"start":{"line":208,"column":4},"end":{"line":212,"column":7}},"74":{"start":{"line":214,"column":4},"end":{"line":214,"column":16}},"75":{"start":{"line":221,"column":0},"end":{"line":309,"column":3}},"76":{"start":{"line":222,"column":2},"end":{"line":308,"column":3}},"77":{"start":{"line":223,"column":17},"end":{"line":225,"column":41}},"78":{"start":{"line":227,"column":4},"end":{"line":232,"column":5}},"79":{"start":{"line":228,"column":6},"end":{"line":231,"column":9}},"80":{"start":{"line":235,"column":18},"end":{"line":235,"column":40}},"81":{"start":{"line":238,"column":4},"end":{"line":283,"column":5}},"82":{"start":{"line":240,"column":8},"end":{"line":247,"column":10}},"83":{"start":{"line":248,"column":8},"end":{"line":248,"column":14}},"84":{"start":{"line":250,"column":8},"end":{"line":257,"column":10}},"85":{"start":{"line":258,"column":8},"end":{"line":258,"column":14}},"86":{"start":{"line":260,"column":8},"end":{"line":267,"column":10}},"87":{"start":{"line":268,"column":8},"end":{"line":268,"column":14}},"88":{"start":{"line":270,"column":8},"end":{"line":277,"column":10}},"89":{"start":{"line":278,"column":8},"end":{"line":278,"column":14}},"90":{"start":{"line":280,"column":8},"end":{"line":282,"column":10}},"91":{"start":{"line":285,"column":4},"end":{"line":305,"column":7}},"92":{"start":{"line":307,"column":4},"end":{"line":307,"column":16}},"93":{"start":{"line":314,"column":0},"end":{"line":379,"column":3}},"94":{"start":{"line":315,"column":2},"end":{"line":378,"column":3}},"95":{"start":{"line":316,"column":85},"end":{"line":316,"column":93}},"96":{"start":{"line":318,"column":20},"end":{"line":318,"column":22}},"97":{"start":{"line":321,"column":30},"end":{"line":325,"column":5}},"98":{"start":{"line":322,"column":18},"end":{"line":322,"column":37}},"99":{"start":{"line":323,"column":6},"end":{"line":323,"column":34}},"100":{"start":{"line":323,"column":22},"end":{"line":323,"column":34}},"101":{"start":{"line":324,"column":6},"end":{"line":324,"column":44}},"102":{"start":{"line":327,"column":4},"end":{"line":330,"column":5}},"103":{"start":{"line":328,"column":18},"end":{"line":328,"column":41}},"104":{"start":{"line":329,"column":6},"end":{"line":329,"column":64}},"105":{"start":{"line":329,"column":24},"end":{"line":329,"column":64}},"106":{"start":{"line":331,"column":4},"end":{"line":334,"column":5}},"107":{"start":{"line":332,"column":18},"end":{"line":332,"column":45}},"108":{"start":{"line":333,"column":6},"end":{"line":333,"column":68}},"109":{"start":{"line":333,"column":24},"end":{"line":333,"column":68}},"110":{"start":{"line":335,"column":4},"end":{"line":338,"column":5}},"111":{"start":{"line":336,"column":18},"end":{"line":336,"column":44}},"112":{"start":{"line":337,"column":6},"end":{"line":337,"column":67}},"113":{"start":{"line":337,"column":24},"end":{"line":337,"column":67}},"114":{"start":{"line":339,"column":4},"end":{"line":342,"column":5}},"115":{"start":{"line":340,"column":18},"end":{"line":340,"column":46}},"116":{"start":{"line":341,"column":6},"end":{"line":341,"column":69}},"117":{"start":{"line":341,"column":24},"end":{"line":341,"column":69}},"118":{"start":{"line":343,"column":4},"end":{"line":346,"column":5}},"119":{"start":{"line":344,"column":18},"end":{"line":344,"column":46}},"120":{"start":{"line":345,"column":6},"end":{"line":345,"column":69}},"121":{"start":{"line":345,"column":24},"end":{"line":345,"column":69}},"122":{"start":{"line":347,"column":4},"end":{"line":350,"column":5}},"123":{"start":{"line":348,"column":18},"end":{"line":348,"column":45}},"124":{"start":{"line":349,"column":6},"end":{"line":349,"column":68}},"125":{"start":{"line":349,"column":24},"end":{"line":349,"column":68}},"126":{"start":{"line":351,"column":4},"end":{"line":353,"column":5}},"127":{"start":{"line":352,"column":6},"end":{"line":352,"column":40}},"128":{"start":{"line":355,"column":4},"end":{"line":360,"column":5}},"129":{"start":{"line":356,"column":6},"end":{"line":359,"column":9}},"130":{"start":{"line":362,"column":17},"end":{"line":366,"column":45}},"131":{"start":{"line":368,"column":4},"end":{"line":375,"column":7}},"132":{"start":{"line":377,"column":4},"end":{"line":377,"column":16}},"133":{"start":{"line":384,"column":0},"end":{"line":413,"column":3}},"134":{"start":{"line":385,"column":2},"end":{"line":412,"column":3}},"135":{"start":{"line":386,"column":4},"end":{"line":391,"column":5}},"136":{"start":{"line":387,"column":6},"end":{"line":390,"column":9}},"137":{"start":{"line":393,"column":17},"end":{"line":397,"column":5}},"138":{"start":{"line":399,"column":4},"end":{"line":404,"column":5}},"139":{"start":{"line":400,"column":6},"end":{"line":403,"column":9}},"140":{"start":{"line":406,"column":4},"end":{"line":409,"column":7}},"141":{"start":{"line":411,"column":4},"end":{"line":411,"column":16}},"142":{"start":{"line":415,"column":0},"end":{"line":415,"column":24}}},"fnMap":{"0":{"name":"(anonymous_0)","decl":{"start":{"line":11,"column":47},"end":{"line":11,"column":48}},"loc":{"start":{"line":11,"column":73},"end":{"line":65,"column":1}},"line":11},"1":{"name":"(anonymous_1)","decl":{"start":{"line":70,"column":31},"end":{"line":70,"column":32}},"loc":{"start":{"line":70,"column":57},"end":{"line":100,"column":1}},"line":70},"2":{"name":"(anonymous_2)","decl":{"start":{"line":105,"column":38},"end":{"line":105,"column":39}},"loc":{"start":{"line":105,"column":64},"end":{"line":124,"column":1}},"line":105},"3":{"name":"(anonymous_3)","decl":{"start":{"line":129,"column":47},"end":{"line":129,"column":48}},"loc":{"start":{"line":129,"column":73},"end":{"line":173,"column":1}},"line":129},"4":{"name":"(anonymous_4)","decl":{"start":{"line":146,"column":26},"end":{"line":146,"column":27}},"loc":{"start":{"line":146,"column":35},"end":{"line":150,"column":5}},"line":146},"5":{"name":"(anonymous_5)","decl":{"start":{"line":178,"column":53},"end":{"line":178,"column":54}},"loc":{"start":{"line":178,"column":79},"end":{"line":216,"column":1}},"line":178},"6":{"name":"(anonymous_6)","decl":{"start":{"line":221,"column":51},"end":{"line":221,"column":52}},"loc":{"start":{"line":221,"column":77},"end":{"line":309,"column":1}},"line":221},"7":{"name":"(anonymous_7)","decl":{"start":{"line":314,"column":40},"end":{"line":314,"column":41}},"loc":{"start":{"line":314,"column":66},"end":{"line":379,"column":1}},"line":314},"8":{"name":"(anonymous_8)","decl":{"start":{"line":321,"column":30},"end":{"line":321,"column":31}},"loc":{"start":{"line":321,"column":41},"end":{"line":325,"column":5}},"line":321},"9":{"name":"(anonymous_9)","decl":{"start":{"line":384,"column":50},"end":{"line":384,"column":51}},"loc":{"start":{"line":384,"column":76},"end":{"line":413,"column":1}},"line":384}},"branchMap":{"0":{"loc":{"start":{"line":13,"column":17},"end":{"line":13,"column":46}},"type":"binary-expr","locations":[{"start":{"line":13,"column":17},"end":{"line":13,"column":41}},{"start":{"line":13,"column":45},"end":{"line":13,"column":46}}],"line":13},"1":{"loc":{"start":{"line":14,"column":18},"end":{"line":14,"column":49}},"type":"binary-expr","locations":[{"start":{"line":14,"column":18},"end":{"line":14,"column":43}},{"start":{"line":14,"column":47},"end":{"line":14,"column":49}}],"line":14},"2":{"loc":{"start":{"line":21,"column":4},"end":{"line":26,"column":5}},"type":"if","locations":[{"start":{"line":21,"column":4},"end":{"line":26,"column":5}},{"start":{"line":23,"column":11},"end":{"line":26,"column":5}}],"line":21},"3":{"loc":{"start":{"line":28,"column":4},"end":{"line":30,"column":5}},"type":"if","locations":[{"start":{"line":28,"column":4},"end":{"line":30,"column":5}},{"start":{},"end":{}}],"line":28},"4":{"loc":{"start":{"line":32,"column":4},"end":{"line":34,"column":5}},"type":"if","locations":[{"start":{"line":32,"column":4},"end":{"line":34,"column":5}},{"start":{},"end":{}}],"line":32},"5":{"loc":{"start":{"line":37,"column":4},"end":{"line":39,"column":5}},"type":"if","locations":[{"start":{"line":37,"column":4},"end":{"line":39,"column":5}},{"start":{},"end":{}}],"line":37},"6":{"loc":{"start":{"line":74,"column":4},"end":{"line":79,"column":5}},"type":"if","locations":[{"start":{"line":74,"column":4},"end":{"line":79,"column":5}},{"start":{},"end":{}}],"line":74},"7":{"loc":{"start":{"line":86,"column":4},"end":{"line":86,"column":45}},"type":"if","locations":[{"start":{"line":86,"column":4},"end":{"line":86,"column":45}},{"start":{},"end":{}}],"line":86},"8":{"loc":{"start":{"line":110,"column":4},"end":{"line":115,"column":5}},"type":"if","locations":[{"start":{"line":110,"column":4},"end":{"line":115,"column":5}},{"start":{},"end":{}}],"line":110},"9":{"loc":{"start":{"line":132,"column":4},"end":{"line":137,"column":5}},"type":"if","locations":[{"start":{"line":132,"column":4},"end":{"line":137,"column":5}},{"start":{},"end":{}}],"line":132},"10":{"loc":{"start":{"line":132,"column":8},"end":{"line":132,"column":83}},"type":"binary-expr","locations":[{"start":{"line":132,"column":8},"end":{"line":132,"column":49}},{"start":{"line":132,"column":53},"end":{"line":132,"column":83}}],"line":132},"11":{"loc":{"start":{"line":147,"column":6},"end":{"line":149,"column":7}},"type":"if","locations":[{"start":{"line":147,"column":6},"end":{"line":149,"column":7}},{"start":{},"end":{}}],"line":147},"12":{"loc":{"start":{"line":158,"column":4},"end":{"line":163,"column":5}},"type":"if","locations":[{"start":{"line":158,"column":4},"end":{"line":163,"column":5}},{"start":{},"end":{}}],"line":158},"13":{"loc":{"start":{"line":180,"column":4},"end":{"line":185,"column":5}},"type":"if","locations":[{"start":{"line":180,"column":4},"end":{"line":185,"column":5}},{"start":{},"end":{}}],"line":180},"14":{"loc":{"start":{"line":180,"column":8},"end":{"line":180,"column":83}},"type":"binary-expr","locations":[{"start":{"line":180,"column":8},"end":{"line":180,"column":49}},{"start":{"line":180,"column":53},"end":{"line":180,"column":83}}],"line":180},"15":{"loc":{"start":{"line":190,"column":4},"end":{"line":190,"column":81}},"type":"if","locations":[{"start":{"line":190,"column":4},"end":{"line":190,"column":81}},{"start":{},"end":{}}],"line":190},"16":{"loc":{"start":{"line":191,"column":4},"end":{"line":191,"column":60}},"type":"if","locations":[{"start":{"line":191,"column":4},"end":{"line":191,"column":60}},{"start":{},"end":{}}],"line":191},"17":{"loc":{"start":{"line":192,"column":4},"end":{"line":192,"column":66}},"type":"if","locations":[{"start":{"line":192,"column":4},"end":{"line":192,"column":66}},{"start":{},"end":{}}],"line":192},"18":{"loc":{"start":{"line":193,"column":4},"end":{"line":193,"column":81}},"type":"if","locations":[{"start":{"line":193,"column":4},"end":{"line":193,"column":81}},{"start":{},"end":{}}],"line":193},"19":{"loc":{"start":{"line":201,"column":4},"end":{"line":206,"column":5}},"type":"if","locations":[{"start":{"line":201,"column":4},"end":{"line":206,"column":5}},{"start":{},"end":{}}],"line":201},"20":{"loc":{"start":{"line":227,"column":4},"end":{"line":232,"column":5}},"type":"if","locations":[{"start":{"line":227,"column":4},"end":{"line":232,"column":5}},{"start":{},"end":{}}],"line":227},"21":{"loc":{"start":{"line":238,"column":4},"end":{"line":283,"column":5}},"type":"switch","locations":[{"start":{"line":239,"column":6},"end":{"line":248,"column":14}},{"start":{"line":249,"column":6},"end":{"line":258,"column":14}},{"start":{"line":259,"column":6},"end":{"line":268,"column":14}},{"start":{"line":269,"column":6},"end":{"line":278,"column":14}},{"start":{"line":279,"column":6},"end":{"line":282,"column":10}}],"line":238},"22":{"loc":{"start":{"line":323,"column":6},"end":{"line":323,"column":34}},"type":"if","locations":[{"start":{"line":323,"column":6},"end":{"line":323,"column":34}},{"start":{},"end":{}}],"line":323},"23":{"loc":{"start":{"line":327,"column":4},"end":{"line":330,"column":5}},"type":"if","locations":[{"start":{"line":327,"column":4},"end":{"line":330,"column":5}},{"start":{},"end":{}}],"line":327},"24":{"loc":{"start":{"line":329,"column":6},"end":{"line":329,"column":64}},"type":"if","locations":[{"start":{"line":329,"column":6},"end":{"line":329,"column":64}},{"start":{},"end":{}}],"line":329},"25":{"loc":{"start":{"line":331,"column":4},"end":{"line":334,"column":5}},"type":"if","locations":[{"start":{"line":331,"column":4},"end":{"line":334,"column":5}},{"start":{},"end":{}}],"line":331},"26":{"loc":{"start":{"line":333,"column":6},"end":{"line":333,"column":68}},"type":"if","locations":[{"start":{"line":333,"column":6},"end":{"line":333,"column":68}},{"start":{},"end":{}}],"line":333},"27":{"loc":{"start":{"line":335,"column":4},"end":{"line":338,"column":5}},"type":"if","locations":[{"start":{"line":335,"column":4},"end":{"line":338,"column":5}},{"start":{},"end":{}}],"line":335},"28":{"loc":{"start":{"line":337,"column":6},"end":{"line":337,"column":67}},"type":"if","locations":[{"start":{"line":337,"column":6},"end":{"line":337,"column":67}},{"start":{},"end":{}}],"line":337},"29":{"loc":{"start":{"line":339,"column":4},"end":{"line":342,"column":5}},"type":"if","locations":[{"start":{"line":339,"column":4},"end":{"line":342,"column":5}},{"start":{},"end":{}}],"line":339},"30":{"loc":{"start":{"line":341,"column":6},"end":{"line":341,"column":69}},"type":"if","locations":[{"start":{"line":341,"column":6},"end":{"line":341,"column":69}},{"start":{},"end":{}}],"line":341},"31":{"loc":{"start":{"line":343,"column":4},"end":{"line":346,"column":5}},"type":"if","locations":[{"start":{"line":343,"column":4},"end":{"line":346,"column":5}},{"start":{},"end":{}}],"line":343},"32":{"loc":{"start":{"line":345,"column":6},"end":{"line":345,"column":69}},"type":"if","locations":[{"start":{"line":345,"column":6},"end":{"line":345,"column":69}},{"start":{},"end":{}}],"line":345},"33":{"loc":{"start":{"line":347,"column":4},"end":{"line":350,"column":5}},"type":"if","locations":[{"start":{"line":347,"column":4},"end":{"line":350,"column":5}},{"start":{},"end":{}}],"line":347},"34":{"loc":{"start":{"line":349,"column":6},"end":{"line":349,"column":68}},"type":"if","locations":[{"start":{"line":349,"column":6},"end":{"line":349,"column":68}},{"start":{},"end":{}}],"line":349},"35":{"loc":{"start":{"line":351,"column":4},"end":{"line":353,"column":5}},"type":"if","locations":[{"start":{"line":351,"column":4},"end":{"line":353,"column":5}},{"start":{},"end":{}}],"line":351},"36":{"loc":{"start":{"line":355,"column":4},"end":{"line":360,"column":5}},"type":"if","locations":[{"start":{"line":355,"column":4},"end":{"line":360,"column":5}},{"start":{},"end":{}}],"line":355},"37":{"loc":{"start":{"line":386,"column":4},"end":{"line":391,"column":5}},"type":"if","locations":[{"start":{"line":386,"column":4},"end":{"line":391,"column":5}},{"start":{},"end":{}}],"line":386},"38":{"loc":{"start":{"line":386,"column":8},"end":{"line":386,"column":83}},"type":"binary-expr","locations":[{"start":{"line":386,"column":8},"end":{"line":386,"column":49}},{"start":{"line":386,"column":53},"end":{"line":386,"column":83}}],"line":386},"39":{"loc":{"start":{"line":399,"column":4},"end":{"line":404,"column":5}},"type":"if","locations":[{"start":{"line":399,"column":4},"end":{"line":404,"column":5}},{"start":{},"end":{}}],"line":399}},"s":{"0":1,"1":1,"2":1,"3":1,"4":1,"5":1,"6":0,"7":0,"8":0,"9":0,"10":0,"11":0,"12":0,"13":0,"14":0,"15":0,"16":0,"17":0,"18":0,"19":0,"20":0,"21":0,"22":0,"23":0,"24":1,"25":0,"26":0,"27":0,"28":0,"29":0,"30":0,"31":0,"32":0,"33":0,"34":0,"35":1,"36":0,"37":0,"38":0,"39":0,"40":0,"41":0,"42":1,"43":0,"44":0,"45":0,"46":0,"47":0,"48":0,"49":0,"50":0,"51":0,"52":0,"53":0,"54":0,"55":0,"56":1,"57":0,"58":0,"59":0,"60":0,"61":0,"62":0,"63":0,"64":0,"65":0,"66":0,"67":0,"68":0,"69":0,"70":0,"71":0,"72":0,"73":0,"74":0,"75":1,"76":0,"77":0,"78":0,"79":0,"80":0,"81":0,"82":0,"83":0,"84":0,"85":0,"86":0,"87":0,"88":0,"89":0,"90":0,"91":0,"92":0,"93":1,"94":0,"95":0,"96":0,"97":0,"98":0,"99":0,"100":0,"101":0,"102":0,"103":0,"104":0,"105":0,"106":0,"107":0,"108":0,"109":0,"110":0,"111":0,"112":0,"113":0,"114":0,"115":0,"116":0,"117":0,"118":0,"119":0,"120":0,"121":0,"122":0,"123":0,"124":0,"125":0,"126":0,"127":0,"128":0,"129":0,"130":0,"131":0,"132":0,"133":1,"134":0,"135":0,"136":0,"137":0,"138":0,"139":0,"140":0,"141":0,"142":1},"f":{"0":0,"1":0,"2":0,"3":0,"4":0,"5":0,"6":0,"7":0,"8":0,"9":0},"b":{"0":[0,0],"1":[0,0],"2":[0,0],"3":[0,0],"4":[0,0],"5":[0,0],"6":[0,0],"7":[0,0],"8":[0,0],"9":[0,0],"10":[0,0],"11":[0,0],"12":[0,0],"13":[0,0],"14":[0,0],"15":[0,0],"16":[0,0],"17":[0,0],"18":[0,0],"19":[0,0],"20":[0,0],"21":[0,0,0,0,0],"22":[0,0],"23":[0,0],"24":[0,0],"25":[0,0],"26":[0,0],"27":[0,0],"28":[0,0],"29":[0,0],"30":[0,0],"31":[0,0],"32":[0,0],"33":[0,0],"34":[0,0],"35":[0,0],"36":[0,0],"37":[0,0],"38":[0,0],"39":[0,0]},"_coverageSchema":"1a1c01bbd47fc00a2c39e90264f33305004495a9","hash":"d588dcbcd81345adbab0adf46ad46e12e5d4a27e"}
}
