TN:
SF:middleware/auth.js
FN:5,(anonymous_0)
FN:54,(anonymous_1)
FN:80,(anonymous_2)
FN:81,(anonymous_3)
FN:93,(anonymous_4)
FN:94,(anonymous_5)
FNF:6
FNH:3
FNDA:20,(anonymous_0)
FNDA:0,(anonymous_1)
FNDA:4,(anonymous_2)
FNDA:19,(anonymous_3)
FNDA:0,(anonymous_4)
FNDA:0,(anonymous_5)
DA:1,1
DA:2,1
DA:5,1
DA:6,20
DA:10,20
DA:11,0
DA:12,20
DA:13,19
DA:16,20
DA:17,1
DA:24,19
DA:27,19
DA:29,19
DA:30,0
DA:36,19
DA:37,0
DA:43,19
DA:44,19
DA:46,0
DA:54,1
DA:55,0
DA:58,0
DA:59,0
DA:60,0
DA:61,0
DA:64,0
DA:65,0
DA:66,0
DA:67,0
DA:68,0
DA:72,0
DA:75,0
DA:80,1
DA:81,4
DA:82,19
DA:83,1
DA:88,18
DA:93,1
DA:94,0
DA:95,0
DA:96,0
DA:97,0
DA:99,0
DA:100,0
DA:105,0
DA:109,1
LF:46
LH:23
BRDA:10,0,0,0
BRDA:10,0,1,20
BRDA:10,1,0,20
BRDA:10,1,1,20
BRDA:12,2,0,19
BRDA:12,2,1,1
BRDA:12,3,0,20
BRDA:12,3,1,19
BRDA:16,4,0,1
BRDA:16,4,1,19
BRDA:29,5,0,0
BRDA:29,5,1,19
BRDA:36,6,0,0
BRDA:36,6,1,19
BRDA:58,7,0,0
BRDA:58,7,1,0
BRDA:58,8,0,0
BRDA:58,8,1,0
BRDA:60,9,0,0
BRDA:60,9,1,0
BRDA:60,10,0,0
BRDA:60,10,1,0
BRDA:64,11,0,0
BRDA:64,11,1,0
BRDA:67,12,0,0
BRDA:67,12,1,0
BRDA:67,13,0,0
BRDA:67,13,1,0
BRDA:82,14,0,1
BRDA:82,14,1,18
BRDA:93,15,0,0
BRDA:95,16,0,0
BRDA:95,16,1,0
BRDA:99,17,0,0
BRDA:99,17,1,0
BRDA:99,18,0,0
BRDA:99,18,1,0
BRF:37
BRH:13
end_of_record
TN:
SF:middleware/validators.js
FN:4,(anonymous_0)
FN:10,(anonymous_1)
FNF:2
FNH:1
FNDA:65,(anonymous_0)
FNDA:0,(anonymous_1)
DA:1,1
DA:4,1
DA:5,65
DA:6,65
DA:7,0
DA:10,0
DA:13,65
DA:17,1
DA:56,1
DA:68,1
DA:109,1
DA:128,1
DA:152,1
DA:169,1
DA:177,1
DA:189,1
LF:16
LH:14
BRDA:6,0,0,0
BRDA:6,0,1,65
BRF:2
BRH:1
end_of_record
TN:
SF:models/booking.js
FNF:0
FNH:0
DA:1,1
DA:3,1
DA:66,1
DA:67,1
DA:68,1
DA:71,1
DA:76,1
LF:7
LH:7
BRF:0
BRH:0
end_of_record
TN:
SF:models/classified.js
FN:78,(anonymous_0)
FN:107,(anonymous_1)
FNF:2
FNH:0
FNDA:0,(anonymous_0)
FNDA:0,(anonymous_1)
DA:1,1
DA:3,1
DA:78,0
DA:101,1
DA:102,1
DA:103,1
DA:104,1
DA:107,1
DA:108,0
DA:112,1
DA:113,1
DA:115,1
LF:12
LH:10
BRF:0
BRH:0
end_of_record
TN:
SF:models/conversation.js
FNF:0
FNH:0
DA:1,1
DA:3,1
DA:45,1
DA:46,1
DA:47,1
DA:49,1
LF:6
LH:6
BRF:0
BRH:0
end_of_record
TN:
SF:models/events.js
FN:175,(anonymous_0)
FN:180,(anonymous_1)
FN:184,(anonymous_2)
FN:185,(anonymous_3)
FN:190,(anonymous_4)
FN:192,(anonymous_5)
FNF:6
FNH:3
FNDA:3,(anonymous_0)
FNDA:0,(anonymous_1)
FNDA:3,(anonymous_2)
FNDA:0,(anonymous_3)
FNDA:3,(anonymous_4)
FNDA:0,(anonymous_5)
DA:1,1
DA:3,1
DA:170,1
DA:171,1
DA:172,1
DA:175,1
DA:177,3
DA:178,0
DA:180,3
DA:184,1
DA:185,3
DA:186,3
DA:190,1
DA:191,3
DA:192,3
DA:196,1
DA:197,1
DA:199,1
LF:18
LH:17
BRDA:177,0,0,0
BRDA:177,0,1,3
BRDA:177,1,0,3
BRDA:177,1,1,3
BRDA:185,2,0,3
BRDA:185,2,1,3
BRDA:191,3,0,0
BRDA:191,3,1,3
BRF:8
BRH:6
end_of_record
TN:
SF:models/field.js
FNF:0
FNH:0
DA:1,1
DA:3,1
DA:19,1
DA:100,1
DA:101,1
DA:102,1
DA:103,1
DA:105,1
LF:8
LH:8
BRF:0
BRH:0
end_of_record
TN:
SF:models/message.js
FNF:0
FNH:0
DA:1,1
DA:3,1
DA:48,1
DA:49,1
DA:51,1
LF:5
LH:5
BRF:0
BRH:0
end_of_record
TN:
SF:models/notification.js
FN:67,(anonymous_0)
FN:74,(anonymous_1)
FNF:2
FNH:0
FNDA:0,(anonymous_0)
FNDA:0,(anonymous_1)
DA:1,1
DA:3,1
DA:63,1
DA:64,1
DA:67,1
DA:68,0
DA:73,0
DA:74,0
DA:78,1
LF:9
LH:6
BRDA:73,0,0,0
BRDA:73,0,1,0
BRF:2
BRH:0
end_of_record
TN:
SF:models/teams.js
FN:145,(anonymous_0)
FNF:1
FNH:1
FNDA:3,(anonymous_0)
DA:1,1
DA:3,1
DA:20,1
DA:142,1
DA:145,1
DA:146,3
DA:147,0
DA:149,3
DA:153,1
DA:154,1
DA:156,1
LF:11
LH:10
BRDA:146,0,0,0
BRDA:146,0,1,3
BRDA:146,1,0,3
BRDA:146,1,1,3
BRF:4
BRH:3
end_of_record
TN:
SF:models/user.js
FN:174,(anonymous_0)
FN:189,(anonymous_1)
FN:194,(anonymous_2)
FNF:3
FNH:3
FNDA:68,(anonymous_0)
FNDA:19,(anonymous_1)
FNDA:8,(anonymous_2)
DA:1,1
DA:2,1
DA:4,1
DA:171,1
DA:174,1
DA:175,68
DA:176,22
DA:179,46
DA:180,46
DA:181,46
DA:182,46
DA:184,0
DA:189,1
DA:190,19
DA:194,1
DA:195,8
DA:199,1
DA:200,1
DA:202,1
LF:19
LH:18
BRDA:175,0,0,22
BRDA:175,0,1,46
BRF:2
BRH:2
end_of_record
TN:
SF:routes/adminRoutes.js
FN:20,(anonymous_0)
FN:61,(anonymous_1)
FN:80,(anonymous_2)
FN:119,(anonymous_3)
FN:168,(anonymous_4)
FN:186,(anonymous_5)
FN:225,(anonymous_6)
FN:273,(anonymous_7)
FN:291,(anonymous_8)
FN:330,(anonymous_9)
FN:379,(anonymous_10)
FN:424,(anonymous_11)
FN:461,(anonymous_12)
FNF:13
FNH:10
FNDA:1,(anonymous_0)
FNDA:1,(anonymous_1)
FNDA:2,(anonymous_2)
FNDA:2,(anonymous_3)
FNDA:1,(anonymous_4)
FNDA:1,(anonymous_5)
FNDA:1,(anonymous_6)
FNDA:0,(anonymous_7)
FNDA:0,(anonymous_8)
FNDA:0,(anonymous_9)
FNDA:3,(anonymous_10)
FNDA:3,(anonymous_11)
FNDA:3,(anonymous_12)
DA:1,1
DA:2,1
DA:3,1
DA:4,1
DA:5,1
DA:6,1
DA:7,1
DA:9,1
DA:12,1
DA:13,1
DA:20,1
DA:21,1
DA:31,1
DA:42,1
DA:52,0
DA:61,1
DA:62,1
DA:63,1
DA:68,1
DA:73,0
DA:80,1
DA:81,2
DA:82,2
DA:84,2
DA:85,1
DA:91,1
DA:92,1
DA:93,1
DA:94,1
DA:97,1
DA:106,1
DA:112,0
DA:119,1
DA:120,2
DA:121,2
DA:123,2
DA:124,1
DA:130,1
DA:132,1
DA:133,0
DA:139,1
DA:140,1
DA:141,1
DA:144,1
DA:153,1
DA:159,0
DA:168,1
DA:169,1
DA:170,1
DA:174,1
DA:179,0
DA:186,1
DA:187,1
DA:188,1
DA:190,1
DA:191,0
DA:197,1
DA:198,1
DA:199,1
DA:200,1
DA:203,1
DA:212,1
DA:218,0
DA:225,1
DA:226,1
DA:227,1
DA:229,1
DA:230,0
DA:236,1
DA:238,1
DA:239,0
DA:245,1
DA:246,1
DA:247,1
DA:250,1
DA:258,1
DA:264,0
DA:273,1
DA:274,0
DA:275,0
DA:279,0
DA:284,0
DA:291,1
DA:292,0
DA:293,0
DA:295,0
DA:296,0
DA:302,0
DA:303,0
DA:304,0
DA:305,0
DA:308,0
DA:317,0
DA:323,0
DA:330,1
DA:331,0
DA:332,0
DA:334,0
DA:335,0
DA:341,0
DA:343,0
DA:344,0
DA:350,0
DA:351,0
DA:352,0
DA:355,0
DA:364,0
DA:370,0
DA:379,1
DA:380,3
DA:381,3
DA:382,3
DA:383,3
DA:385,3
DA:387,3
DA:388,1
DA:391,3
DA:392,1
DA:395,3
DA:402,3
DA:404,3
DA:417,0
DA:424,1
DA:425,3
DA:426,3
DA:428,3
DA:429,1
DA:435,2
DA:441,2
DA:442,1
DA:448,1
DA:454,0
DA:461,1
DA:462,3
DA:463,3
DA:465,3
DA:466,0
DA:472,3
DA:473,3
DA:475,3
DA:481,0
DA:485,1
LF:142
LH:99
BRDA:84,0,0,1
BRDA:84,0,1,1
BRDA:123,1,0,1
BRDA:123,1,1,1
BRDA:132,2,0,0
BRDA:132,2,1,1
BRDA:190,3,0,0
BRDA:190,3,1,1
BRDA:229,4,0,0
BRDA:229,4,1,1
BRDA:238,5,0,0
BRDA:238,5,1,1
BRDA:295,6,0,0
BRDA:295,6,1,0
BRDA:334,7,0,0
BRDA:334,7,1,0
BRDA:343,8,0,0
BRDA:343,8,1,0
BRDA:381,9,0,3
BRDA:381,9,1,3
BRDA:382,10,0,3
BRDA:382,10,1,3
BRDA:387,11,0,1
BRDA:387,11,1,2
BRDA:391,12,0,1
BRDA:391,12,1,2
BRDA:428,13,0,1
BRDA:428,13,1,2
BRDA:441,14,0,1
BRDA:441,14,1,1
BRDA:465,15,0,0
BRDA:465,15,1,3
BRDA:477,16,0,1
BRDA:477,16,1,2
BRF:34
BRH:23
end_of_record
TN:
SF:routes/authRoutes.js
FN:10,(anonymous_0)
FN:27,(anonymous_1)
FN:106,(anonymous_2)
FN:173,(anonymous_3)
FN:198,(anonymous_4)
FN:220,(anonymous_5)
FN:236,(anonymous_6)
FN:261,(anonymous_7)
FN:286,(anonymous_8)
FN:354,(anonymous_9)
FN:399,(anonymous_10)
FN:432,(anonymous_11)
FN:486,(anonymous_12)
FNF:13
FNH:3
FNDA:65,(anonymous_0)
FNDA:46,(anonymous_1)
FNDA:19,(anonymous_2)
FNDA:0,(anonymous_3)
FNDA:0,(anonymous_4)
FNDA:0,(anonymous_5)
FNDA:0,(anonymous_6)
FNDA:0,(anonymous_7)
FNDA:0,(anonymous_8)
FNDA:0,(anonymous_9)
FNDA:0,(anonymous_10)
FNDA:0,(anonymous_11)
FNDA:0,(anonymous_12)
DA:1,1
DA:2,1
DA:3,1
DA:4,1
DA:5,1
DA:7,1
DA:10,1
DA:11,65
DA:17,1
DA:27,1
DA:28,46
DA:29,46
DA:32,46
DA:33,46
DA:34,0
DA:35,0
DA:42,46
DA:43,0
DA:49,46
DA:50,46
DA:51,46
DA:53,46
DA:54,0
DA:61,46
DA:77,46
DA:80,46
DA:82,46
DA:99,0
DA:106,1
DA:107,19
DA:108,19
DA:111,19
DA:113,19
DA:114,0
DA:121,19
DA:123,19
DA:124,0
DA:130,19
DA:131,0
DA:138,19
DA:139,19
DA:140,19
DA:143,19
DA:146,19
DA:148,19
DA:166,0
DA:173,1
DA:174,0
DA:176,0
DA:181,0
DA:184,0
DA:189,0
DA:198,1
DA:199,0
DA:200,0
DA:203,0
DA:208,0
DA:213,0
DA:220,1
DA:221,0
DA:222,0
DA:227,0
DA:229,0
DA:236,1
DA:237,0
DA:238,0
DA:240,0
DA:241,0
DA:247,0
DA:249,0
DA:254,0
DA:261,1
DA:262,0
DA:263,0
DA:265,0
DA:266,0
DA:272,0
DA:274,0
DA:279,0
DA:286,1
DA:287,0
DA:288,0
DA:290,0
DA:291,0
DA:297,0
DA:298,0
DA:304,0
DA:306,0
DA:308,0
DA:309,0
DA:315,0
DA:316,0
DA:318,0
DA:323,0
DA:349,1
DA:354,1
DA:355,0
DA:356,0
DA:358,0
DA:359,0
DA:366,0
DA:367,0
DA:370,0
DA:371,0
DA:372,0
DA:382,0
DA:392,0
DA:399,1
DA:400,0
DA:401,0
DA:403,0
DA:408,0
DA:409,0
DA:415,0
DA:416,0
DA:417,0
DA:418,0
DA:420,0
DA:425,0
DA:432,1
DA:433,0
DA:434,0
DA:436,0
DA:437,0
DA:443,0
DA:446,0
DA:447,0
DA:454,0
DA:455,0
DA:457,0
DA:458,0
DA:459,0
DA:469,0
DA:479,0
DA:486,1
DA:487,0
DA:488,0
DA:490,0
DA:491,0
DA:497,0
DA:499,0
DA:504,0
DA:505,0
DA:511,0
DA:512,0
DA:513,0
DA:514,0
DA:516,0
DA:521,0
DA:525,1
LF:150
LH:49
BRDA:12,0,0,65
BRDA:12,0,1,0
BRDA:20,1,0,0
BRDA:20,1,1,1
BRDA:33,2,0,0
BRDA:33,2,1,46
BRDA:34,3,0,0
BRDA:34,3,1,0
BRDA:42,4,0,0
BRDA:42,4,1,46
BRDA:53,5,0,0
BRDA:53,5,1,46
BRDA:53,6,0,46
BRDA:53,6,1,46
BRDA:68,7,0,46
BRDA:68,7,1,0
BRDA:113,8,0,0
BRDA:113,8,1,19
BRDA:123,9,0,0
BRDA:123,9,1,19
BRDA:130,10,0,0
BRDA:130,10,1,19
BRDA:240,11,0,0
BRDA:240,11,1,0
BRDA:265,12,0,0
BRDA:265,12,1,0
BRDA:290,13,0,0
BRDA:290,13,1,0
BRDA:290,14,0,0
BRDA:290,14,1,0
BRDA:297,15,0,0
BRDA:297,15,1,0
BRDA:308,16,0,0
BRDA:308,16,1,0
BRDA:358,17,0,0
BRDA:358,17,1,0
BRDA:408,18,0,0
BRDA:408,18,1,0
BRDA:436,19,0,0
BRDA:436,19,1,0
BRDA:446,20,0,0
BRDA:446,20,1,0
BRDA:490,21,0,0
BRDA:490,21,1,0
BRDA:490,22,0,0
BRDA:490,22,1,0
BRDA:504,23,0,0
BRDA:504,23,1,0
BRF:48
BRH:11
end_of_record
TN:
SF:routes/bookingRoutes.js
FN:12,(anonymous_0)
FN:59,(anonymous_1)
FN:93,(anonymous_2)
FN:172,(anonymous_3)
FN:201,(anonymous_4)
FN:228,(anonymous_5)
FN:261,(anonymous_6)
FN:304,(anonymous_7)
FNF:8
FNH:0
FNDA:0,(anonymous_0)
FNDA:0,(anonymous_1)
FNDA:0,(anonymous_2)
FNDA:0,(anonymous_3)
FNDA:0,(anonymous_4)
FNDA:0,(anonymous_5)
FNDA:0,(anonymous_6)
FNDA:0,(anonymous_7)
DA:1,1
DA:2,1
DA:3,1
DA:4,1
DA:5,1
DA:7,1
DA:12,1
DA:13,0
DA:14,0
DA:15,0
DA:16,0
DA:19,0
DA:21,0
DA:22,0
DA:25,0
DA:26,0
DA:27,0
DA:30,0
DA:37,0
DA:39,0
DA:52,0
DA:59,1
DA:60,0
DA:61,0
DA:66,0
DA:67,0
DA:74,0
DA:75,0
DA:81,0
DA:86,0
DA:93,1
DA:94,0
DA:95,0
DA:98,0
DA:99,0
DA:100,0
DA:107,0
DA:108,0
DA:109,0
DA:110,0
DA:112,0
DA:121,0
DA:122,0
DA:129,0
DA:130,0
DA:131,0
DA:133,0
DA:134,0
DA:140,0
DA:142,0
DA:155,0
DA:159,0
DA:165,0
DA:172,1
DA:173,0
DA:174,0
DA:176,0
DA:177,0
DA:184,0
DA:185,0
DA:192,0
DA:193,0
DA:199,0
DA:200,0
DA:201,0
DA:202,0
DA:203,0
DA:207,0
DA:215,0
DA:221,0
DA:228,1
DA:229,0
DA:230,0
DA:232,0
DA:233,0
DA:239,0
DA:240,0
DA:246,0
DA:247,0
DA:249,0
DA:254,0
DA:261,1
DA:262,0
DA:263,0
DA:265,0
DA:266,0
DA:273,0
DA:274,0
DA:280,0
DA:281,0
DA:287,0
DA:288,0
DA:289,0
DA:290,0
DA:292,0
DA:297,0
DA:304,1
DA:305,0
DA:306,0
DA:308,0
DA:309,0
DA:316,0
DA:317,0
DA:324,0
DA:325,0
DA:331,0
DA:333,0
DA:338,0
DA:342,1
LF:109
LH:14
BRDA:14,0,0,0
BRDA:14,0,1,0
BRDA:15,1,0,0
BRDA:15,1,1,0
BRDA:21,2,0,0
BRDA:21,2,1,0
BRDA:25,3,0,0
BRDA:25,3,1,0
BRDA:66,4,0,0
BRDA:66,4,1,0
BRDA:74,5,0,0
BRDA:74,5,1,0
BRDA:74,6,0,0
BRDA:74,6,1,0
BRDA:99,7,0,0
BRDA:99,7,1,0
BRDA:99,8,0,0
BRDA:99,8,1,0
BRDA:121,9,0,0
BRDA:121,9,1,0
BRDA:133,10,0,0
BRDA:133,10,1,0
BRDA:145,11,0,0
BRDA:145,11,1,0
BRDA:176,12,0,0
BRDA:176,12,1,0
BRDA:184,13,0,0
BRDA:184,13,1,0
BRDA:184,14,0,0
BRDA:184,14,1,0
BRDA:192,15,0,0
BRDA:192,15,1,0
BRDA:202,16,0,0
BRDA:202,16,1,0
BRDA:232,17,0,0
BRDA:232,17,1,0
BRDA:239,18,0,0
BRDA:239,18,1,0
BRDA:265,19,0,0
BRDA:265,19,1,0
BRDA:273,20,0,0
BRDA:273,20,1,0
BRDA:273,21,0,0
BRDA:273,21,1,0
BRDA:280,22,0,0
BRDA:280,22,1,0
BRDA:288,23,0,0
BRDA:288,23,1,0
BRDA:308,24,0,0
BRDA:308,24,1,0
BRDA:316,25,0,0
BRDA:316,25,1,0
BRDA:316,26,0,0
BRDA:316,26,1,0
BRDA:324,27,0,0
BRDA:324,27,1,0
BRF:56
BRH:0
end_of_record
TN:
SF:routes/classifiedRoutes.js
FN:11,(anonymous_0)
FN:68,(anonymous_1)
FN:85,(anonymous_2)
FN:110,(anonymous_3)
FN:136,(anonymous_4)
FN:163,(anonymous_5)
FN:188,(anonymous_6)
FN:221,(anonymous_7)
FN:250,(anonymous_8)
FN:280,(anonymous_9)
FNF:10
FNH:0
FNDA:0,(anonymous_0)
FNDA:0,(anonymous_1)
FNDA:0,(anonymous_2)
FNDA:0,(anonymous_3)
FNDA:0,(anonymous_4)
FNDA:0,(anonymous_5)
FNDA:0,(anonymous_6)
FNDA:0,(anonymous_7)
FNDA:0,(anonymous_8)
FNDA:0,(anonymous_9)
DA:1,1
DA:2,1
DA:3,1
DA:4,1
DA:6,1
DA:11,1
DA:12,0
DA:13,0
DA:14,0
DA:15,0
DA:18,0
DA:20,0
DA:21,0
DA:24,0
DA:25,0
DA:28,0
DA:29,0
DA:32,0
DA:33,0
DA:36,0
DA:37,0
DA:40,0
DA:46,0
DA:48,0
DA:61,0
DA:68,1
DA:69,0
DA:70,0
DA:73,0
DA:78,0
DA:85,1
DA:86,0
DA:87,0
DA:91,0
DA:92,0
DA:98,0
DA:103,0
DA:110,1
DA:111,0
DA:112,0
DA:118,0
DA:120,0
DA:123,0
DA:129,0
DA:136,1
DA:137,0
DA:138,0
DA:140,0
DA:141,0
DA:148,0
DA:149,0
DA:156,0
DA:162,0
DA:163,0
DA:164,0
DA:165,0
DA:169,0
DA:175,0
DA:181,0
DA:188,1
DA:189,0
DA:190,0
DA:192,0
DA:193,0
DA:200,0
DA:201,0
DA:207,0
DA:209,0
DA:214,0
DA:221,1
DA:222,0
DA:223,0
DA:225,0
DA:226,0
DA:232,0
DA:234,0
DA:235,0
DA:241,0
DA:242,0
DA:249,0
DA:250,0
DA:253,0
DA:254,0
DA:260,0
DA:266,0
DA:268,0
DA:273,0
DA:280,1
DA:281,0
DA:282,0
DA:284,0
DA:285,0
DA:291,0
DA:292,0
DA:298,0
DA:299,0
DA:301,0
DA:306,0
DA:310,1
LF:99
LH:14
BRDA:13,0,0,0
BRDA:13,0,1,0
BRDA:14,1,0,0
BRDA:14,1,1,0
BRDA:20,2,0,0
BRDA:20,2,1,0
BRDA:24,3,0,0
BRDA:24,3,1,0
BRDA:28,4,0,0
BRDA:28,4,1,0
BRDA:32,5,0,0
BRDA:32,5,1,0
BRDA:36,6,0,0
BRDA:36,6,1,0
BRDA:91,7,0,0
BRDA:91,7,1,0
BRDA:115,8,0,0
BRDA:115,8,1,0
BRDA:140,9,0,0
BRDA:140,9,1,0
BRDA:148,10,0,0
BRDA:148,10,1,0
BRDA:148,11,0,0
BRDA:148,11,1,0
BRDA:164,12,0,0
BRDA:164,12,1,0
BRDA:192,13,0,0
BRDA:192,13,1,0
BRDA:200,14,0,0
BRDA:200,14,1,0
BRDA:200,15,0,0
BRDA:200,15,1,0
BRDA:225,16,0,0
BRDA:225,16,1,0
BRDA:234,17,0,0
BRDA:234,17,1,0
BRDA:241,18,0,0
BRDA:241,18,1,0
BRDA:253,19,0,0
BRDA:253,19,1,0
BRDA:284,20,0,0
BRDA:284,20,1,0
BRDA:291,21,0,0
BRDA:291,21,1,0
BRF:44
BRH:0
end_of_record
TN:
SF:routes/eventRoutes.js
FN:11,(anonymous_0)
FN:76,(anonymous_1)
FN:94,(anonymous_2)
FN:110,(anonymous_3)
FN:115,(anonymous_4)
FN:120,(anonymous_5)
FN:125,(anonymous_6)
FN:151,(anonymous_7)
FN:190,(anonymous_8)
FN:215,(anonymous_9)
FN:242,(anonymous_10)
FN:267,(anonymous_11)
FN:300,(anonymous_12)
FN:324,(anonymous_13)
FN:335,(anonymous_14)
FN:384,(anonymous_15)
FN:463,(anonymous_16)
FN:485,(anonymous_17)
FN:502,(anonymous_18)
FN:524,(anonymous_19)
FN:535,(anonymous_20)
FN:555,(anonymous_21)
FN:556,(anonymous_22)
FN:567,(anonymous_23)
FN:579,(anonymous_24)
FNF:25
FNH:0
FNDA:0,(anonymous_0)
FNDA:0,(anonymous_1)
FNDA:0,(anonymous_2)
FNDA:0,(anonymous_3)
FNDA:0,(anonymous_4)
FNDA:0,(anonymous_5)
FNDA:0,(anonymous_6)
FNDA:0,(anonymous_7)
FNDA:0,(anonymous_8)
FNDA:0,(anonymous_9)
FNDA:0,(anonymous_10)
FNDA:0,(anonymous_11)
FNDA:0,(anonymous_12)
FNDA:0,(anonymous_13)
FNDA:0,(anonymous_14)
FNDA:0,(anonymous_15)
FNDA:0,(anonymous_16)
FNDA:0,(anonymous_17)
FNDA:0,(anonymous_18)
FNDA:0,(anonymous_19)
FNDA:0,(anonymous_20)
FNDA:0,(anonymous_21)
FNDA:0,(anonymous_22)
FNDA:0,(anonymous_23)
FNDA:0,(anonymous_24)
DA:1,1
DA:2,1
DA:3,1
DA:4,1
DA:6,1
DA:11,1
DA:12,0
DA:13,0
DA:14,0
DA:15,0
DA:18,0
DA:23,0
DA:24,0
DA:27,0
DA:28,0
DA:31,0
DA:32,0
DA:35,0
DA:36,0
DA:39,0
DA:40,0
DA:43,0
DA:44,0
DA:47,0
DA:54,0
DA:56,0
DA:69,0
DA:76,1
DA:77,0
DA:78,0
DA:82,0
DA:87,0
DA:94,1
DA:95,0
DA:97,0
DA:110,0
DA:111,0
DA:114,0
DA:115,0
DA:119,0
DA:120,0
DA:124,0
DA:125,0
DA:128,0
DA:129,0
DA:130,0
DA:131,0
DA:133,0
DA:136,0
DA:139,0
DA:144,0
DA:151,1
DA:152,0
DA:153,0
DA:160,0
DA:161,0
DA:168,0
DA:169,0
DA:171,0
DA:172,0
DA:178,0
DA:183,0
DA:190,1
DA:191,0
DA:192,0
DA:197,0
DA:199,0
DA:202,0
DA:208,0
DA:215,1
DA:216,0
DA:217,0
DA:219,0
DA:220,0
DA:227,0
DA:228,0
DA:235,0
DA:241,0
DA:242,0
DA:243,0
DA:244,0
DA:248,0
DA:254,0
DA:260,0
DA:267,1
DA:268,0
DA:269,0
DA:271,0
DA:272,0
DA:279,0
DA:280,0
DA:286,0
DA:288,0
DA:293,0
DA:300,1
DA:301,0
DA:302,0
DA:304,0
DA:306,0
DA:307,0
DA:314,0
DA:315,0
DA:316,0
DA:323,0
DA:324,0
DA:326,0
DA:327,0
DA:334,0
DA:335,0
DA:337,0
DA:338,0
DA:345,0
DA:346,0
DA:347,0
DA:351,0
DA:353,0
DA:361,0
DA:362,0
DA:369,0
DA:371,0
DA:377,0
DA:384,1
DA:385,0
DA:386,0
DA:388,0
DA:389,0
DA:395,0
DA:397,0
DA:398,0
DA:405,0
DA:406,0
DA:412,0
DA:414,0
DA:415,0
DA:421,0
DA:422,0
DA:428,0
DA:429,0
DA:431,0
DA:433,0
DA:434,0
DA:435,0
DA:442,0
DA:443,0
DA:449,0
DA:451,0
DA:456,0
DA:463,1
DA:464,0
DA:465,0
DA:467,0
DA:468,0
DA:474,0
DA:475,0
DA:477,0
DA:478,0
DA:484,0
DA:485,0
DA:488,0
DA:490,0
DA:495,0
DA:502,1
DA:503,0
DA:504,0
DA:506,0
DA:507,0
DA:513,0
DA:515,0
DA:516,0
DA:523,0
DA:524,0
DA:525,0
DA:526,0
DA:534,0
DA:535,0
DA:538,0
DA:539,0
DA:540,0
DA:542,0
DA:549,0
DA:551,0
DA:555,0
DA:556,0
DA:560,0
DA:567,1
DA:568,0
DA:569,0
DA:571,0
DA:572,0
DA:578,0
DA:579,0
DA:582,0
DA:584,0
DA:589,0
DA:593,1
LF:195
LH:18
BRDA:13,0,0,0
BRDA:13,0,1,0
BRDA:14,1,0,0
BRDA:14,1,1,0
BRDA:23,2,0,0
BRDA:23,2,1,0
BRDA:27,3,0,0
BRDA:27,3,1,0
BRDA:31,4,0,0
BRDA:31,4,1,0
BRDA:31,5,0,0
BRDA:31,5,1,0
BRDA:35,6,0,0
BRDA:35,6,1,0
BRDA:39,7,0,0
BRDA:39,7,1,0
BRDA:43,8,0,0
BRDA:43,8,1,0
BRDA:120,9,0,0
BRDA:120,9,1,0
BRDA:125,10,0,0
BRDA:125,10,1,0
BRDA:128,11,0,0
BRDA:128,11,1,0
BRDA:128,12,0,0
BRDA:128,12,1,0
BRDA:130,13,0,0
BRDA:130,13,1,0
BRDA:160,14,0,0
BRDA:160,14,1,0
BRDA:168,15,0,0
BRDA:168,15,1,0
BRDA:169,16,0,0
BRDA:169,16,1,0
BRDA:171,17,0,0
BRDA:171,17,1,0
BRDA:171,18,0,0
BRDA:171,18,1,0
BRDA:171,18,2,0
BRDA:219,19,0,0
BRDA:219,19,1,0
BRDA:227,20,0,0
BRDA:227,20,1,0
BRDA:227,21,0,0
BRDA:227,21,1,0
BRDA:243,22,0,0
BRDA:243,22,1,0
BRDA:271,23,0,0
BRDA:271,23,1,0
BRDA:279,24,0,0
BRDA:279,24,1,0
BRDA:279,25,0,0
BRDA:279,25,1,0
BRDA:306,26,0,0
BRDA:306,26,1,0
BRDA:314,27,0,0
BRDA:314,27,1,0
BRDA:315,28,0,0
BRDA:315,28,1,0
BRDA:326,29,0,0
BRDA:326,29,1,0
BRDA:335,30,0,0
BRDA:335,30,1,0
BRDA:337,31,0,0
BRDA:337,31,1,0
BRDA:345,32,0,0
BRDA:345,32,1,0
BRDA:346,33,0,0
BRDA:346,33,1,0
BRDA:361,34,0,0
BRDA:361,34,1,0
BRDA:364,35,0,0
BRDA:364,35,1,0
BRDA:388,36,0,0
BRDA:388,36,1,0
BRDA:397,37,0,0
BRDA:397,37,1,0
BRDA:405,38,0,0
BRDA:405,38,1,0
BRDA:405,39,0,0
BRDA:405,39,1,0
BRDA:414,40,0,0
BRDA:414,40,1,0
BRDA:421,41,0,0
BRDA:421,41,1,0
BRDA:431,42,0,0
BRDA:431,42,1,0
BRDA:433,43,0,0
BRDA:433,43,1,0
BRDA:434,44,0,0
BRDA:434,44,1,0
BRDA:442,45,0,0
BRDA:442,45,1,0
BRDA:467,46,0,0
BRDA:467,46,1,0
BRDA:477,47,0,0
BRDA:477,47,1,0
BRDA:477,48,0,0
BRDA:477,48,1,0
BRDA:477,48,2,0
BRDA:484,49,0,0
BRDA:484,49,1,0
BRDA:492,50,0,0
BRDA:492,50,1,0
BRDA:506,51,0,0
BRDA:506,51,1,0
BRDA:515,52,0,0
BRDA:515,52,1,0
BRDA:523,53,0,0
BRDA:523,53,1,0
BRDA:525,54,0,0
BRDA:525,54,1,0
BRDA:538,55,0,0
BRDA:538,55,1,0
BRDA:571,56,0,0
BRDA:571,56,1,0
BRF:116
BRH:0
end_of_record
TN:
SF:routes/fieldRoutes.js
FN:12,(anonymous_0)
FN:73,(anonymous_1)
FN:96,(anonymous_2)
FN:134,(anonymous_3)
FN:157,(anonymous_4)
FN:174,(anonymous_5)
FN:202,(anonymous_6)
FN:229,(anonymous_7)
FNF:8
FNH:0
FNDA:0,(anonymous_0)
FNDA:0,(anonymous_1)
FNDA:0,(anonymous_2)
FNDA:0,(anonymous_3)
FNDA:0,(anonymous_4)
FNDA:0,(anonymous_5)
FNDA:0,(anonymous_6)
FNDA:0,(anonymous_7)
DA:1,1
DA:2,1
DA:3,1
DA:4,1
DA:5,1
DA:7,1
DA:12,1
DA:13,0
DA:14,0
DA:15,0
DA:16,0
DA:19,0
DA:21,0
DA:22,0
DA:25,0
DA:26,0
DA:29,0
DA:30,0
DA:33,0
DA:34,0
DA:37,0
DA:38,0
DA:39,0
DA:42,0
DA:43,0
DA:46,0
DA:51,0
DA:53,0
DA:66,0
DA:73,1
DA:74,0
DA:75,0
DA:77,0
DA:78,0
DA:84,0
DA:89,0
DA:96,1
DA:97,0
DA:98,0
DA:100,0
DA:101,0
DA:107,0
DA:109,0
DA:110,0
DA:117,0
DA:118,0
DA:119,0
DA:120,0
DA:122,0
DA:129,0
DA:130,0
DA:131,0
DA:134,0
DA:139,0
DA:150,0
DA:157,1
DA:158,0
DA:159,0
DA:161,0
DA:167,0
DA:174,1
DA:175,0
DA:176,0
DA:182,0
DA:183,0
DA:189,0
DA:195,0
DA:202,1
DA:203,0
DA:204,0
DA:210,0
DA:211,0
DA:217,0
DA:222,0
DA:229,1
DA:230,0
DA:231,0
DA:233,0
DA:234,0
DA:240,0
DA:253,0
DA:258,0
DA:262,1
LF:83
LH:14
BRDA:14,0,0,0
BRDA:14,0,1,0
BRDA:15,1,0,0
BRDA:15,1,1,0
BRDA:21,2,0,0
BRDA:21,2,1,0
BRDA:25,3,0,0
BRDA:25,3,1,0
BRDA:29,4,0,0
BRDA:29,4,1,0
BRDA:33,5,0,0
BRDA:33,5,1,0
BRDA:37,6,0,0
BRDA:37,6,1,0
BRDA:42,7,0,0
BRDA:42,7,1,0
BRDA:77,8,0,0
BRDA:77,8,1,0
BRDA:100,9,0,0
BRDA:100,9,1,0
BRDA:109,10,0,0
BRDA:109,10,1,0
BRDA:131,11,0,0
BRDA:131,11,1,0
BRDA:182,12,0,0
BRDA:182,12,1,0
BRDA:210,13,0,0
BRDA:210,13,1,0
BRDA:231,14,0,0
BRDA:233,15,0,0
BRDA:233,15,1,0
BRDA:233,16,0,0
BRDA:233,16,1,0
BRF:33
BRH:0
end_of_record
TN:
SF:routes/messageRoutes.js
FN:13,(anonymous_0)
FN:25,(anonymous_1)
FN:45,(anonymous_2)
FN:60,(anonymous_3)
FN:133,(anonymous_4)
FN:224,(anonymous_5)
FN:246,(anonymous_6)
FN:277,(anonymous_7)
FN:301,(anonymous_8)
FN:336,(anonymous_9)
FN:351,(anonymous_10)
FN:380,(anonymous_11)
FN:414,(anonymous_12)
FN:434,(anonymous_13)
FNF:14
FNH:0
FNDA:0,(anonymous_0)
FNDA:0,(anonymous_1)
FNDA:0,(anonymous_2)
FNDA:0,(anonymous_3)
FNDA:0,(anonymous_4)
FNDA:0,(anonymous_5)
FNDA:0,(anonymous_6)
FNDA:0,(anonymous_7)
FNDA:0,(anonymous_8)
FNDA:0,(anonymous_9)
FNDA:0,(anonymous_10)
FNDA:0,(anonymous_11)
FNDA:0,(anonymous_12)
FNDA:0,(anonymous_13)
DA:1,1
DA:2,1
DA:3,1
DA:4,1
DA:5,1
DA:6,1
DA:8,1
DA:13,1
DA:14,0
DA:15,0
DA:25,0
DA:26,0
DA:27,0
DA:33,0
DA:38,0
DA:45,1
DA:46,0
DA:47,0
DA:51,0
DA:52,0
DA:59,0
DA:60,0
DA:63,0
DA:64,0
DA:71,0
DA:72,0
DA:73,0
DA:75,0
DA:84,0
DA:90,0
DA:107,0
DA:108,0
DA:109,0
DA:112,0
DA:126,0
DA:133,1
DA:134,0
DA:135,0
DA:137,0
DA:138,0
DA:139,0
DA:146,0
DA:147,0
DA:148,0
DA:155,0
DA:160,0
DA:161,0
DA:168,0
DA:173,0
DA:176,0
DA:184,0
DA:185,0
DA:187,0
DA:188,0
DA:194,0
DA:196,0
DA:202,0
DA:205,0
DA:212,0
DA:217,0
DA:224,1
DA:225,0
DA:226,0
DA:228,0
DA:229,0
DA:235,0
DA:237,0
DA:238,0
DA:245,0
DA:246,0
DA:249,0
DA:250,0
DA:257,0
DA:270,0
DA:277,0
DA:278,0
DA:279,0
DA:280,0
DA:284,0
DA:286,0
DA:289,0
DA:294,0
DA:301,1
DA:302,0
DA:303,0
DA:305,0
DA:306,0
DA:313,0
DA:314,0
DA:320,0
DA:321,0
DA:322,0
DA:324,0
DA:329,0
DA:336,1
DA:337,0
DA:338,0
DA:340,0
DA:342,0
DA:343,0
DA:350,0
DA:351,0
DA:354,0
DA:355,0
DA:362,0
DA:367,0
DA:368,0
DA:371,0
DA:377,0
DA:378,0
DA:380,0
DA:395,0
DA:396,0
DA:399,0
DA:407,0
DA:414,1
DA:415,0
DA:416,0
DA:418,0
DA:419,0
DA:425,0
DA:426,0
DA:433,0
DA:434,0
DA:438,0
DA:439,0
DA:442,0
DA:445,0
DA:452,0
DA:457,0
DA:461,1
LF:131
LH:15
BRDA:26,0,0,0
BRDA:26,0,1,0
BRDA:51,1,0,0
BRDA:51,1,1,0
BRDA:63,2,0,0
BRDA:63,2,1,0
BRDA:71,3,0,0
BRDA:71,3,1,0
BRDA:72,4,0,0
BRDA:72,4,1,0
BRDA:107,5,0,0
BRDA:107,5,1,0
BRDA:135,6,0,0
BRDA:137,7,0,0
BRDA:137,7,1,0
BRDA:138,8,0,0
BRDA:138,8,1,0
BRDA:147,9,0,0
BRDA:147,9,1,0
BRDA:160,10,0,0
BRDA:160,10,1,0
BRDA:184,11,0,0
BRDA:184,11,1,0
BRDA:187,12,0,0
BRDA:187,12,1,0
BRDA:187,13,0,0
BRDA:187,13,1,0
BRDA:187,13,2,0
BRDA:198,14,0,0
BRDA:198,14,1,0
BRDA:226,15,0,0
BRDA:228,16,0,0
BRDA:228,16,1,0
BRDA:228,17,0,0
BRDA:228,17,1,0
BRDA:228,17,2,0
BRDA:237,18,0,0
BRDA:237,18,1,0
BRDA:249,19,0,0
BRDA:249,19,1,0
BRDA:262,20,0,0
BRDA:262,20,1,0
BRDA:271,21,0,0
BRDA:271,21,1,0
BRDA:278,22,0,0
BRDA:278,22,1,0
BRDA:279,23,0,0
BRDA:279,23,1,0
BRDA:305,24,0,0
BRDA:305,24,1,0
BRDA:313,25,0,0
BRDA:313,25,1,0
BRDA:342,26,0,0
BRDA:342,26,1,0
BRDA:354,27,0,0
BRDA:354,27,1,0
BRDA:367,28,0,0
BRDA:367,28,1,0
BRDA:377,29,0,0
BRDA:377,29,1,0
BRDA:418,30,0,0
BRDA:418,30,1,0
BRDA:425,31,0,0
BRDA:425,31,1,0
BRDA:438,32,0,0
BRDA:438,32,1,0
BRF:66
BRH:0
end_of_record
TN:
SF:routes/notificationRoutes.js
FN:10,(anonymous_0)
FN:54,(anonymous_1)
FN:73,(anonymous_2)
FN:100,(anonymous_3)
FN:119,(anonymous_4)
FN:145,(anonymous_5)
FNF:6
FNH:0
FNDA:0,(anonymous_0)
FNDA:0,(anonymous_1)
FNDA:0,(anonymous_2)
FNDA:0,(anonymous_3)
FNDA:0,(anonymous_4)
FNDA:0,(anonymous_5)
DA:1,1
DA:2,1
DA:3,1
DA:5,1
DA:10,1
DA:11,0
DA:12,0
DA:13,0
DA:14,0
DA:16,0
DA:18,0
DA:19,0
DA:22,0
DA:27,0
DA:28,0
DA:33,0
DA:47,0
DA:54,1
DA:55,0
DA:56,0
DA:61,0
DA:66,0
DA:73,1
DA:74,0
DA:75,0
DA:81,0
DA:82,0
DA:88,0
DA:93,0
DA:100,1
DA:101,0
DA:102,0
DA:107,0
DA:112,0
DA:119,1
DA:120,0
DA:121,0
DA:126,0
DA:127,0
DA:133,0
DA:138,0
DA:145,1
DA:146,0
DA:147,0
DA:149,0
DA:154,0
DA:158,1
LF:47
LH:11
BRDA:12,0,0,0
BRDA:12,0,1,0
BRDA:13,1,0,0
BRDA:13,1,1,0
BRDA:18,2,0,0
BRDA:18,2,1,0
BRDA:81,3,0,0
BRDA:81,3,1,0
BRDA:126,4,0,0
BRDA:126,4,1,0
BRF:10
BRH:0
end_of_record
TN:
SF:routes/teamRoutes.js
FN:10,(anonymous_0)
FN:26,(anonymous_1)
FN:48,(anonymous_2)
FN:53,(anonymous_3)
FN:74,(anonymous_4)
FN:128,(anonymous_5)
FN:154,(anonymous_6)
FN:163,(anonymous_7)
FN:165,(anonymous_8)
FN:195,(anonymous_9)
FN:212,(anonymous_10)
FN:234,(anonymous_11)
FN:291,(anonymous_12)
FN:303,(anonymous_13)
FN:322,(anonymous_14)
FN:349,(anonymous_15)
FN:369,(anonymous_16)
FN:389,(anonymous_17)
FN:415,(anonymous_18)
FN:425,(anonymous_19)
FN:455,(anonymous_20)
FN:476,(anonymous_21)
FN:547,(anonymous_22)
FN:561,(anonymous_23)
FN:591,(anonymous_24)
FN:620,(anonymous_25)
FN:707,(anonymous_26)
FN:735,(anonymous_27)
FN:769,(anonymous_28)
FN:780,(anonymous_29)
FN:798,(anonymous_30)
FN:827,(anonymous_31)
FNF:32
FNH:0
FNDA:0,(anonymous_0)
FNDA:0,(anonymous_1)
FNDA:0,(anonymous_2)
FNDA:0,(anonymous_3)
FNDA:0,(anonymous_4)
FNDA:0,(anonymous_5)
FNDA:0,(anonymous_6)
FNDA:0,(anonymous_7)
FNDA:0,(anonymous_8)
FNDA:0,(anonymous_9)
FNDA:0,(anonymous_10)
FNDA:0,(anonymous_11)
FNDA:0,(anonymous_12)
FNDA:0,(anonymous_13)
FNDA:0,(anonymous_14)
FNDA:0,(anonymous_15)
FNDA:0,(anonymous_16)
FNDA:0,(anonymous_17)
FNDA:0,(anonymous_18)
FNDA:0,(anonymous_19)
FNDA:0,(anonymous_20)
FNDA:0,(anonymous_21)
FNDA:0,(anonymous_22)
FNDA:0,(anonymous_23)
FNDA:0,(anonymous_24)
FNDA:0,(anonymous_25)
FNDA:0,(anonymous_26)
FNDA:0,(anonymous_27)
FNDA:0,(anonymous_28)
FNDA:0,(anonymous_29)
FNDA:0,(anonymous_30)
FNDA:0,(anonymous_31)
DA:1,1
DA:2,1
DA:3,1
DA:4,1
DA:5,1
DA:6,1
DA:7,1
DA:10,1
DA:11,0
DA:13,0
DA:14,0
DA:22,0
DA:26,1
DA:27,0
DA:29,0
DA:30,0
DA:31,0
DA:32,0
DA:35,0
DA:44,0
DA:48,1
DA:49,0
DA:51,0
DA:52,0
DA:53,0
DA:55,0
DA:58,0
DA:66,0
DA:69,1
DA:74,1
DA:75,0
DA:76,0
DA:77,0
DA:78,0
DA:81,0
DA:83,0
DA:84,0
DA:87,0
DA:88,0
DA:91,0
DA:92,0
DA:95,0
DA:96,0
DA:99,0
DA:106,0
DA:108,0
DA:121,0
DA:128,1
DA:129,0
DA:130,0
DA:131,0
DA:137,0
DA:142,0
DA:147,0
DA:154,1
DA:155,0
DA:156,0
DA:163,0
DA:164,0
DA:165,0
DA:167,0
DA:183,0
DA:188,0
DA:195,1
DA:196,0
DA:197,0
DA:203,0
DA:204,0
DA:211,0
DA:212,0
DA:213,0
DA:215,0
DA:216,0
DA:222,0
DA:227,0
DA:234,1
DA:235,0
DA:237,0
DA:238,0
DA:239,0
DA:246,0
DA:247,0
DA:253,0
DA:263,0
DA:266,0
DA:272,0
DA:274,0
DA:278,0
DA:284,0
DA:291,1
DA:292,0
DA:293,0
DA:295,0
DA:296,0
DA:303,0
DA:304,0
DA:308,0
DA:309,0
DA:316,0
DA:321,0
DA:322,0
DA:323,0
DA:324,0
DA:328,0
DA:336,0
DA:342,0
DA:349,1
DA:350,0
DA:351,0
DA:353,0
DA:354,0
DA:361,0
DA:362,0
DA:369,0
DA:370,0
DA:375,0
DA:377,0
DA:382,0
DA:389,1
DA:390,0
DA:391,0
DA:393,0
DA:394,0
DA:400,0
DA:401,0
DA:407,0
DA:408,0
DA:415,0
DA:416,0
DA:417,0
DA:424,0
DA:425,0
DA:427,0
DA:428,0
DA:434,0
DA:441,0
DA:443,0
DA:448,0
DA:455,1
DA:456,0
DA:457,0
DA:459,0
DA:460,0
DA:466,0
DA:468,0
DA:469,0
DA:476,0
DA:477,0
DA:480,0
DA:481,0
DA:487,0
DA:489,0
DA:490,0
DA:496,0
DA:497,0
DA:503,0
DA:505,0
DA:507,0
DA:508,0
DA:515,0
DA:522,0
DA:529,0
DA:530,0
DA:533,0
DA:535,0
DA:540,0
DA:547,1
DA:548,0
DA:549,0
DA:551,0
DA:553,0
DA:554,0
DA:561,0
DA:562,0
DA:565,0
DA:566,0
DA:573,0
DA:574,0
DA:575,0
DA:582,0
DA:583,0
DA:590,0
DA:591,0
DA:593,0
DA:594,0
DA:600,0
DA:606,0
DA:608,0
DA:613,0
DA:620,1
DA:621,0
DA:622,0
DA:624,0
DA:625,0
DA:631,0
DA:633,0
DA:634,0
DA:640,0
DA:642,0
DA:643,0
DA:650,0
DA:651,0
DA:657,0
DA:658,0
DA:664,0
DA:666,0
DA:668,0
DA:669,0
DA:676,0
DA:683,0
DA:689,0
DA:690,0
DA:693,0
DA:695,0
DA:700,0
DA:707,1
DA:708,0
DA:709,0
DA:711,0
DA:712,0
DA:718,0
DA:720,0
DA:721,0
DA:728,0
DA:729,0
DA:735,0
DA:737,0
DA:738,0
DA:744,0
DA:745,0
DA:751,0
DA:752,0
DA:755,0
DA:757,0
DA:762,0
DA:769,1
DA:770,0
DA:771,0
DA:773,0
DA:774,0
DA:780,0
DA:782,0
DA:783,0
DA:790,0
DA:791,0
DA:798,0
DA:799,0
DA:800,0
DA:804,0
DA:805,0
DA:812,0
DA:813,0
DA:814,0
DA:815,0
DA:822,0
DA:823,0
DA:824,0
DA:827,0
DA:828,0
DA:831,0
DA:832,0
DA:834,0
DA:839,0
DA:843,1
LF:264
LH:25
BRDA:13,0,0,0
BRDA:13,0,1,0
BRDA:29,1,0,0
BRDA:29,1,1,0
BRDA:30,2,0,0
BRDA:30,2,1,0
BRDA:51,3,0,0
BRDA:51,3,1,0
BRDA:76,4,0,0
BRDA:76,4,1,0
BRDA:77,5,0,0
BRDA:77,5,1,0
BRDA:83,6,0,0
BRDA:83,6,1,0
BRDA:87,7,0,0
BRDA:87,7,1,0
BRDA:91,8,0,0
BRDA:91,8,1,0
BRDA:95,9,0,0
BRDA:95,9,1,0
BRDA:130,10,0,0
BRDA:130,10,1,0
BRDA:165,11,0,0
BRDA:165,11,1,0
BRDA:203,12,0,0
BRDA:203,12,1,0
BRDA:211,13,0,0
BRDA:211,13,1,0
BRDA:212,14,0,0
BRDA:212,14,1,0
BRDA:213,15,0,0
BRDA:213,15,1,0
BRDA:215,16,0,0
BRDA:215,16,1,0
BRDA:215,17,0,0
BRDA:215,17,1,0
BRDA:215,17,2,0
BRDA:215,17,3,0
BRDA:238,18,0,0
BRDA:238,18,1,0
BRDA:246,19,0,0
BRDA:246,19,1,0
BRDA:295,20,0,0
BRDA:295,20,1,0
BRDA:304,21,0,0
BRDA:304,21,1,0
BRDA:304,21,2,0
BRDA:304,21,3,0
BRDA:308,22,0,0
BRDA:308,22,1,0
BRDA:323,23,0,0
BRDA:323,23,1,0
BRDA:353,24,0,0
BRDA:353,24,1,0
BRDA:361,25,0,0
BRDA:361,25,1,0
BRDA:361,26,0,0
BRDA:361,26,1,0
BRDA:393,27,0,0
BRDA:393,27,1,0
BRDA:400,28,0,0
BRDA:400,28,1,0
BRDA:407,29,0,0
BRDA:407,29,1,0
BRDA:416,30,0,0
BRDA:416,30,1,0
BRDA:425,31,0,0
BRDA:425,31,1,0
BRDA:427,32,0,0
BRDA:427,32,1,0
BRDA:436,33,0,0
BRDA:436,33,1,0
BRDA:459,34,0,0
BRDA:459,34,1,0
BRDA:468,35,0,0
BRDA:468,35,1,0
BRDA:477,36,0,0
BRDA:477,36,1,0
BRDA:477,36,2,0
BRDA:480,37,0,0
BRDA:480,37,1,0
BRDA:489,38,0,0
BRDA:489,38,1,0
BRDA:496,39,0,0
BRDA:496,39,1,0
BRDA:505,40,0,0
BRDA:505,40,1,0
BRDA:507,41,0,0
BRDA:507,41,1,0
BRDA:529,42,0,0
BRDA:529,42,1,0
BRDA:529,42,2,0
BRDA:553,43,0,0
BRDA:553,43,1,0
BRDA:562,44,0,0
BRDA:562,44,1,0
BRDA:562,44,2,0
BRDA:565,45,0,0
BRDA:565,45,1,0
BRDA:574,46,0,0
BRDA:574,46,1,0
BRDA:582,47,0,0
BRDA:582,47,1,0
BRDA:591,48,0,0
BRDA:591,48,1,0
BRDA:593,49,0,0
BRDA:593,49,1,0
BRDA:624,50,0,0
BRDA:624,50,1,0
BRDA:633,51,0,0
BRDA:633,51,1,0
BRDA:642,52,0,0
BRDA:642,52,1,0
BRDA:650,53,0,0
BRDA:650,53,1,0
BRDA:657,54,0,0
BRDA:657,54,1,0
BRDA:666,55,0,0
BRDA:666,55,1,0
BRDA:668,56,0,0
BRDA:668,56,1,0
BRDA:689,57,0,0
BRDA:689,57,1,0
BRDA:689,57,2,0
BRDA:711,58,0,0
BRDA:711,58,1,0
BRDA:720,59,0,0
BRDA:720,59,1,0
BRDA:728,60,0,0
BRDA:728,60,1,0
BRDA:737,61,0,0
BRDA:737,61,1,0
BRDA:744,62,0,0
BRDA:744,62,1,0
BRDA:773,63,0,0
BRDA:773,63,1,0
BRDA:782,64,0,0
BRDA:782,64,1,0
BRDA:790,65,0,0
BRDA:790,65,1,0
BRDA:800,66,0,0
BRDA:800,66,1,0
BRDA:800,66,2,0
BRDA:800,66,3,0
BRDA:804,67,0,0
BRDA:804,67,1,0
BRDA:813,68,0,0
BRDA:813,68,1,0
BRDA:814,69,0,0
BRDA:814,69,1,0
BRDA:831,70,0,0
BRDA:831,70,1,0
BRDA:831,70,2,0
BRDA:836,71,0,0
BRDA:836,71,1,0
BRF:155
BRH:0
end_of_record
TN:
SF:routes/userRoutes.js
FN:11,(anonymous_0)
FN:70,(anonymous_1)
FN:105,(anonymous_2)
FN:129,(anonymous_3)
FN:146,(anonymous_4)
FN:178,(anonymous_5)
FN:221,(anonymous_6)
FN:314,(anonymous_7)
FN:321,(anonymous_8)
FN:384,(anonymous_9)
FNF:10
FNH:0
FNDA:0,(anonymous_0)
FNDA:0,(anonymous_1)
FNDA:0,(anonymous_2)
FNDA:0,(anonymous_3)
FNDA:0,(anonymous_4)
FNDA:0,(anonymous_5)
FNDA:0,(anonymous_6)
FNDA:0,(anonymous_7)
FNDA:0,(anonymous_8)
FNDA:0,(anonymous_9)
DA:1,1
DA:2,1
DA:3,1
DA:4,1
DA:6,1
DA:11,1
DA:12,0
DA:13,0
DA:14,0
DA:15,0
DA:18,0
DA:21,0
DA:22,0
DA:25,0
DA:28,0
DA:29,0
DA:32,0
DA:33,0
DA:37,0
DA:38,0
DA:41,0
DA:48,0
DA:50,0
DA:63,0
DA:70,1
DA:71,0
DA:72,0
DA:74,0
DA:75,0
DA:81,0
DA:86,0
DA:88,0
DA:93,0
DA:98,0
DA:105,1
DA:106,0
DA:107,0
DA:110,0
DA:111,0
DA:117,0
DA:122,0
DA:129,1
DA:130,0
DA:132,0
DA:133,0
DA:140,0
DA:145,0
DA:146,0
DA:147,0
DA:148,0
DA:152,0
DA:158,0
DA:159,0
DA:165,0
DA:171,0
DA:178,1
DA:179,0
DA:180,0
DA:181,0
DA:187,0
DA:189,0
DA:190,0
DA:191,0
DA:192,0
DA:193,0
DA:195,0
DA:201,0
DA:202,0
DA:208,0
DA:214,0
DA:221,1
DA:222,0
DA:223,0
DA:227,0
DA:228,0
DA:235,0
DA:238,0
DA:240,0
DA:248,0
DA:250,0
DA:258,0
DA:260,0
DA:268,0
DA:270,0
DA:278,0
DA:280,0
DA:285,0
DA:307,0
DA:314,1
DA:315,0
DA:316,0
DA:318,0
DA:321,0
DA:322,0
DA:323,0
DA:324,0
DA:327,0
DA:328,0
DA:329,0
DA:331,0
DA:332,0
DA:333,0
DA:335,0
DA:336,0
DA:337,0
DA:339,0
DA:340,0
DA:341,0
DA:343,0
DA:344,0
DA:345,0
DA:347,0
DA:348,0
DA:349,0
DA:351,0
DA:352,0
DA:355,0
DA:356,0
DA:362,0
DA:368,0
DA:377,0
DA:384,1
DA:385,0
DA:386,0
DA:387,0
DA:393,0
DA:399,0
DA:400,0
DA:406,0
DA:411,0
DA:415,1
LF:131
LH:14
BRDA:13,0,0,0
BRDA:13,0,1,0
BRDA:14,1,0,0
BRDA:14,1,1,0
BRDA:21,2,0,0
BRDA:21,2,1,0
BRDA:28,3,0,0
BRDA:28,3,1,0
BRDA:32,4,0,0
BRDA:32,4,1,0
BRDA:37,5,0,0
BRDA:37,5,1,0
BRDA:74,6,0,0
BRDA:74,6,1,0
BRDA:86,7,0,0
BRDA:86,7,1,0
BRDA:110,8,0,0
BRDA:110,8,1,0
BRDA:132,9,0,0
BRDA:132,9,1,0
BRDA:132,10,0,0
BRDA:132,10,1,0
BRDA:147,11,0,0
BRDA:147,11,1,0
BRDA:158,12,0,0
BRDA:158,12,1,0
BRDA:180,13,0,0
BRDA:180,13,1,0
BRDA:180,14,0,0
BRDA:180,14,1,0
BRDA:190,15,0,0
BRDA:190,15,1,0
BRDA:191,16,0,0
BRDA:191,16,1,0
BRDA:192,17,0,0
BRDA:192,17,1,0
BRDA:193,18,0,0
BRDA:193,18,1,0
BRDA:201,19,0,0
BRDA:201,19,1,0
BRDA:227,20,0,0
BRDA:227,20,1,0
BRDA:238,21,0,0
BRDA:238,21,1,0
BRDA:238,21,2,0
BRDA:238,21,3,0
BRDA:238,21,4,0
BRDA:323,22,0,0
BRDA:323,22,1,0
BRDA:327,23,0,0
BRDA:327,23,1,0
BRDA:329,24,0,0
BRDA:329,24,1,0
BRDA:331,25,0,0
BRDA:331,25,1,0
BRDA:333,26,0,0
BRDA:333,26,1,0
BRDA:335,27,0,0
BRDA:335,27,1,0
BRDA:337,28,0,0
BRDA:337,28,1,0
BRDA:339,29,0,0
BRDA:339,29,1,0
BRDA:341,30,0,0
BRDA:341,30,1,0
BRDA:343,31,0,0
BRDA:343,31,1,0
BRDA:345,32,0,0
BRDA:345,32,1,0
BRDA:347,33,0,0
BRDA:347,33,1,0
BRDA:349,34,0,0
BRDA:349,34,1,0
BRDA:351,35,0,0
BRDA:351,35,1,0
BRDA:355,36,0,0
BRDA:355,36,1,0
BRDA:386,37,0,0
BRDA:386,37,1,0
BRDA:386,38,0,0
BRDA:386,38,1,0
BRDA:399,39,0,0
BRDA:399,39,1,0
BRF:83
BRH:0
end_of_record
